ERROR - 2023-03-27 09:50:14 --> Error connecting to the database: mysqli_sql_exception: No connection could be made because the target machine actively refused it.
 in D:\Dev\codeigniter4\reno-dev\vendor\codeigniter4\framework\system\Database\MySQLi\Connection.php:174
Stack trace:
#0 D:\Dev\codeigniter4\reno-dev\vendor\codeigniter4\framework\system\Database\MySQLi\Connection.php(174): mysqli->real_connect('localhost', 'root', '', 'devci4', 3306, '', 0)
#1 D:\Dev\codeigniter4\reno-dev\vendor\codeigniter4\framework\system\Database\BaseConnection.php(391): CodeIgniter\Database\MySQLi\Connection->connect(false)
#2 D:\Dev\codeigniter4\reno-dev\vendor\codeigniter4\framework\system\Database\BaseConnection.php(573): CodeIgniter\Database\BaseConnection->initialize()
#3 D:\Dev\codeigniter4\reno-dev\vendor\codeigniter4\framework\system\Database\BaseConnection.php(1408): CodeIgniter\Database\BaseConnection->query('SHOW TABLES FRO...')
#4 D:\Dev\codeigniter4\reno-dev\vendor\codeigniter4\framework\system\Database\BaseConnection.php(1427): CodeIgniter\Database\BaseConnection->listTables()
#5 D:\Dev\codeigniter4\reno-dev\vendor\codeigniter4\framework\system\Database\MigrationRunner.php(768): CodeIgniter\Database\BaseConnection->tableExists('migrations')
#6 D:\Dev\codeigniter4\reno-dev\vendor\codeigniter4\framework\system\Database\MigrationRunner.php(168): CodeIgniter\Database\MigrationRunner->ensureTable()
#7 D:\Dev\codeigniter4\reno-dev\vendor\codeigniter4\framework\system\Commands\Database\Migrate.php(84): CodeIgniter\Database\MigrationRunner->latest(NULL)
#8 D:\Dev\codeigniter4\reno-dev\vendor\codeigniter4\framework\system\CLI\Commands.php(65): CodeIgniter\Commands\Database\Migrate->run(Array)
#9 D:\Dev\codeigniter4\reno-dev\vendor\codeigniter4\framework\system\CLI\Console.php(37): CodeIgniter\CLI\Commands->run('migrate', Array)
#10 D:\Dev\codeigniter4\reno-dev\spark(97): CodeIgniter\CLI\Console->run()
#11 {main}

Next CodeIgniter\Database\Exceptions\DatabaseException: No connection could be made because the target machine actively refused it.
 in D:\Dev\codeigniter4\reno-dev\vendor\codeigniter4\framework\system\Database\MySQLi\Connection.php:218
Stack trace:
#0 D:\Dev\codeigniter4\reno-dev\vendor\codeigniter4\framework\system\Database\BaseConnection.php(391): CodeIgniter\Database\MySQLi\Connection->connect(false)
#1 D:\Dev\codeigniter4\reno-dev\vendor\codeigniter4\framework\system\Database\BaseConnection.php(573): CodeIgniter\Database\BaseConnection->initialize()
#2 D:\Dev\codeigniter4\reno-dev\vendor\codeigniter4\framework\system\Database\BaseConnection.php(1408): CodeIgniter\Database\BaseConnection->query('SHOW TABLES FRO...')
#3 D:\Dev\codeigniter4\reno-dev\vendor\codeigniter4\framework\system\Database\BaseConnection.php(1427): CodeIgniter\Database\BaseConnection->listTables()
#4 D:\Dev\codeigniter4\reno-dev\vendor\codeigniter4\framework\system\Database\MigrationRunner.php(768): CodeIgniter\Database\BaseConnection->tableExists('migrations')
#5 D:\Dev\codeigniter4\reno-dev\vendor\codeigniter4\framework\system\Database\MigrationRunner.php(168): CodeIgniter\Database\MigrationRunner->ensureTable()
#6 D:\Dev\codeigniter4\reno-dev\vendor\codeigniter4\framework\system\Commands\Database\Migrate.php(84): CodeIgniter\Database\MigrationRunner->latest(NULL)
#7 D:\Dev\codeigniter4\reno-dev\vendor\codeigniter4\framework\system\CLI\Commands.php(65): CodeIgniter\Commands\Database\Migrate->run(Array)
#8 D:\Dev\codeigniter4\reno-dev\vendor\codeigniter4\framework\system\CLI\Console.php(37): CodeIgniter\CLI\Commands->run('migrate', Array)
#9 D:\Dev\codeigniter4\reno-dev\spark(97): CodeIgniter\CLI\Console->run()
#10 {main}
ERROR - 2023-03-27 09:55:02 --> mysqli_sql_exception: Cannot add or update a child row: a foreign key constraint fails (`devci4`.`contacts`, CONSTRAINT `contacts_id_group_foreign` FOREIGN KEY (`id_group`) REFERENCES `groups` (`id_group`)) in D:\Dev\codeigniter4\reno-dev\vendor\codeigniter4\framework\system\Database\MySQLi\Connection.php:295
Stack trace:
#0 D:\Dev\codeigniter4\reno-dev\vendor\codeigniter4\framework\system\Database\MySQLi\Connection.php(295): mysqli->query('INSERT INTO `co...', 0)
#1 D:\Dev\codeigniter4\reno-dev\vendor\codeigniter4\framework\system\Database\BaseConnection.php(691): CodeIgniter\Database\MySQLi\Connection->execute('INSERT INTO `co...')
#2 D:\Dev\codeigniter4\reno-dev\vendor\codeigniter4\framework\system\Database\BaseConnection.php(605): CodeIgniter\Database\BaseConnection->simpleQuery('INSERT INTO `co...')
#3 D:\Dev\codeigniter4\reno-dev\vendor\codeigniter4\framework\system\Database\BaseBuilder.php(2309): CodeIgniter\Database\BaseConnection->query('INSERT INTO `co...', Array, false)
#4 D:\Dev\codeigniter4\reno-dev\app\Database\Seeds\ContactSeeder.php(22): CodeIgniter\Database\BaseBuilder->insert(Array)
#5 D:\Dev\codeigniter4\reno-dev\vendor\codeigniter4\framework\system\Database\Seeder.php(146): App\Database\Seeds\ContactSeeder->run()
#6 D:\Dev\codeigniter4\reno-dev\vendor\codeigniter4\framework\system\Commands\Database\Seed.php(77): CodeIgniter\Database\Seeder->call('App\\Database\\Se...')
#7 D:\Dev\codeigniter4\reno-dev\vendor\codeigniter4\framework\system\CLI\Commands.php(65): CodeIgniter\Commands\Database\Seed->run(Array)
#8 D:\Dev\codeigniter4\reno-dev\vendor\codeigniter4\framework\system\CLI\Console.php(37): CodeIgniter\CLI\Commands->run('db:seed', Array)
#9 D:\Dev\codeigniter4\reno-dev\spark(97): CodeIgniter\CLI\Console->run()
#10 {main}
ERROR - 2023-03-27 11:16:58 --> mysqli_sql_exception: Table 'devci4.contact' doesn't exist in D:\Dev\codeigniter4\reno-dev\vendor\codeigniter4\framework\system\Database\MySQLi\Connection.php:295
Stack trace:
#0 D:\Dev\codeigniter4\reno-dev\vendor\codeigniter4\framework\system\Database\MySQLi\Connection.php(295): mysqli->query('SELECT *\nFROM `...', 0)
#1 D:\Dev\codeigniter4\reno-dev\vendor\codeigniter4\framework\system\Database\BaseConnection.php(691): CodeIgniter\Database\MySQLi\Connection->execute('SELECT *\nFROM `...')
#2 D:\Dev\codeigniter4\reno-dev\vendor\codeigniter4\framework\system\Database\BaseConnection.php(605): CodeIgniter\Database\BaseConnection->simpleQuery('SELECT *\nFROM `...')
#3 D:\Dev\codeigniter4\reno-dev\vendor\codeigniter4\framework\system\Database\BaseBuilder.php(1616): CodeIgniter\Database\BaseConnection->query('SELECT *\nFROM `...', Array, false)
#4 D:\Dev\codeigniter4\reno-dev\vendor\codeigniter4\framework\system\Model.php(241): CodeIgniter\Database\BaseBuilder->get()
#5 D:\Dev\codeigniter4\reno-dev\vendor\codeigniter4\framework\system\BaseModel.php(618): CodeIgniter\Model->doFindAll(0, 0)
#6 D:\Dev\codeigniter4\reno-dev\app\Controllers\Contacts.php(24): CodeIgniter\BaseModel->findAll()
#7 D:\Dev\codeigniter4\reno-dev\vendor\codeigniter4\framework\system\CodeIgniter.php(934): App\Controllers\Contacts->index()
#8 D:\Dev\codeigniter4\reno-dev\vendor\codeigniter4\framework\system\CodeIgniter.php(499): CodeIgniter\CodeIgniter->runController(Object(App\Controllers\Contacts))
#9 D:\Dev\codeigniter4\reno-dev\vendor\codeigniter4\framework\system\CodeIgniter.php(368): CodeIgniter\CodeIgniter->handleRequest(NULL, Object(Config\Cache), false)
#10 D:\Dev\codeigniter4\reno-dev\public\index.php(67): CodeIgniter\CodeIgniter->run()
#11 D:\Dev\codeigniter4\reno-dev\vendor\codeigniter4\framework\system\Commands\Server\rewrite.php(47): require_once('D:\\Dev\\codeigni...')
#12 {main}
CRITICAL - 2023-03-27 11:16:58 --> Table 'devci4.contact' doesn't exist
in SYSTEMPATH\Database\BaseConnection.php on line 645.
 1 SYSTEMPATH\Database\BaseBuilder.php(1616): CodeIgniter\Database\BaseConnection->query('SELECT *
FROM `contact`', [], false)
 2 SYSTEMPATH\Model.php(241): CodeIgniter\Database\BaseBuilder->get()
 3 SYSTEMPATH\BaseModel.php(618): CodeIgniter\Model->doFindAll(0, 0)
 4 APPPATH\Controllers\Contacts.php(24): CodeIgniter\BaseModel->findAll()
 5 SYSTEMPATH\CodeIgniter.php(934): App\Controllers\Contacts->index()
 6 SYSTEMPATH\CodeIgniter.php(499): CodeIgniter\CodeIgniter->runController(Object(App\Controllers\Contacts))
 7 SYSTEMPATH\CodeIgniter.php(368): CodeIgniter\CodeIgniter->handleRequest(null, Object(Config\Cache), false)
 8 FCPATH\index.php(67): CodeIgniter\CodeIgniter->run()
 9 SYSTEMPATH\Commands\Server\rewrite.php(47): require_once('FCPATH\\index.php')
