ERROR - 2023-03-31 12:54:20 --> mysqli_sql_exception: Table 'devci4.contact' doesn't exist in D:\Dev\codeigniter4\reno-dev\vendor\codeigniter4\framework\system\Database\MySQLi\Connection.php:295
Stack trace:
#0 D:\Dev\codeigniter4\reno-dev\vendor\codeigniter4\framework\system\Database\MySQLi\Connection.php(295): mysqli->query('SELECT *\nFROM `...', 0)
#1 D:\Dev\codeigniter4\reno-dev\vendor\codeigniter4\framework\system\Database\BaseConnection.php(691): CodeIgniter\Database\MySQLi\Connection->execute('SELECT *\nFROM `...')
#2 D:\Dev\codeigniter4\reno-dev\vendor\codeigniter4\framework\system\Database\BaseConnection.php(605): CodeIgniter\Database\BaseConnection->simpleQuery('SELECT *\nFROM `...')
#3 D:\Dev\codeigniter4\reno-dev\vendor\codeigniter4\framework\system\Database\BaseBuilder.php(1616): CodeIgniter\Database\BaseConnection->query('SELECT *\nFROM `...', Array, false)
#4 D:\Dev\codeigniter4\reno-dev\vendor\codeigniter4\framework\system\Model.php(241): CodeIgniter\Database\BaseBuilder->get()
#5 D:\Dev\codeigniter4\reno-dev\vendor\codeigniter4\framework\system\BaseModel.php(618): CodeIgniter\Model->doFindAll(0, 0)
#6 D:\Dev\codeigniter4\reno-dev\app\Controllers\Contacts.php(24): CodeIgniter\BaseModel->findAll()
#7 D:\Dev\codeigniter4\reno-dev\vendor\codeigniter4\framework\system\CodeIgniter.php(934): App\Controllers\Contacts->index()
#8 D:\Dev\codeigniter4\reno-dev\vendor\codeigniter4\framework\system\CodeIgniter.php(499): CodeIgniter\CodeIgniter->runController(Object(App\Controllers\Contacts))
#9 D:\Dev\codeigniter4\reno-dev\vendor\codeigniter4\framework\system\CodeIgniter.php(368): CodeIgniter\CodeIgniter->handleRequest(NULL, Object(Config\Cache), false)
#10 D:\Dev\codeigniter4\reno-dev\public\index.php(67): CodeIgniter\CodeIgniter->run()
#11 D:\Dev\codeigniter4\reno-dev\vendor\codeigniter4\framework\system\Commands\Server\rewrite.php(47): require_once('D:\\Dev\\codeigni...')
#12 {main}
CRITICAL - 2023-03-31 12:54:20 --> Table 'devci4.contact' doesn't exist
in SYSTEMPATH\Database\BaseConnection.php on line 645.
 1 SYSTEMPATH\Database\BaseBuilder.php(1616): CodeIgniter\Database\BaseConnection->query('SELECT *
FROM `contact`', [], false)
 2 SYSTEMPATH\Model.php(241): CodeIgniter\Database\BaseBuilder->get()
 3 SYSTEMPATH\BaseModel.php(618): CodeIgniter\Model->doFindAll(0, 0)
 4 APPPATH\Controllers\Contacts.php(24): CodeIgniter\BaseModel->findAll()
 5 SYSTEMPATH\CodeIgniter.php(934): App\Controllers\Contacts->index()
 6 SYSTEMPATH\CodeIgniter.php(499): CodeIgniter\CodeIgniter->runController(Object(App\Controllers\Contacts))
 7 SYSTEMPATH\CodeIgniter.php(368): CodeIgniter\CodeIgniter->handleRequest(null, Object(Config\Cache), false)
 8 FCPATH\index.php(67): CodeIgniter\CodeIgniter->run()
 9 SYSTEMPATH\Commands\Server\rewrite.php(47): require_once('FCPATH\\index.php')
CRITICAL - 2023-03-31 13:00:44 --> Call to undefined function App\Models\getResult()
in APPPATH\Models\M_Contacts.php on line 21.
 1 APPPATH\Controllers\Contacts.php(24): App\Models\M_Contacts->getAll()
 2 SYSTEMPATH\CodeIgniter.php(934): App\Controllers\Contacts->index()
 3 SYSTEMPATH\CodeIgniter.php(499): CodeIgniter\CodeIgniter->runController(Object(App\Controllers\Contacts))
 4 SYSTEMPATH\CodeIgniter.php(368): CodeIgniter\CodeIgniter->handleRequest(null, Object(Config\Cache), false)
 5 FCPATH\index.php(67): CodeIgniter\CodeIgniter->run()
 6 SYSTEMPATH\Commands\Server\rewrite.php(47): require_once('FCPATH\\index.php')
CRITICAL - 2023-03-31 13:03:43 --> Call to undefined function App\Models\getResult()
in APPPATH\Models\M_Contacts.php on line 21.
 1 APPPATH\Controllers\Contacts.php(24): App\Models\M_Contacts->getAll()
 2 SYSTEMPATH\CodeIgniter.php(934): App\Controllers\Contacts->index()
 3 SYSTEMPATH\CodeIgniter.php(499): CodeIgniter\CodeIgniter->runController(Object(App\Controllers\Contacts))
 4 SYSTEMPATH\CodeIgniter.php(368): CodeIgniter\CodeIgniter->handleRequest(null, Object(Config\Cache), false)
 5 FCPATH\index.php(67): CodeIgniter\CodeIgniter->run()
 6 SYSTEMPATH\Commands\Server\rewrite.php(47): require_once('FCPATH\\index.php')
CRITICAL - 2023-03-31 13:03:44 --> Call to undefined function App\Models\getResult()
in APPPATH\Models\M_Contacts.php on line 21.
 1 APPPATH\Controllers\Contacts.php(24): App\Models\M_Contacts->getAll()
 2 SYSTEMPATH\CodeIgniter.php(934): App\Controllers\Contacts->index()
 3 SYSTEMPATH\CodeIgniter.php(499): CodeIgniter\CodeIgniter->runController(Object(App\Controllers\Contacts))
 4 SYSTEMPATH\CodeIgniter.php(368): CodeIgniter\CodeIgniter->handleRequest(null, Object(Config\Cache), false)
 5 FCPATH\index.php(67): CodeIgniter\CodeIgniter->run()
 6 SYSTEMPATH\Commands\Server\rewrite.php(47): require_once('FCPATH\\index.php')
CRITICAL - 2023-03-31 13:03:56 --> Call to undefined function App\Models\getResult()
in APPPATH\Models\M_Contacts.php on line 21.
 1 APPPATH\Controllers\Contacts.php(24): App\Models\M_Contacts->getAll()
 2 SYSTEMPATH\CodeIgniter.php(934): App\Controllers\Contacts->index()
 3 SYSTEMPATH\CodeIgniter.php(499): CodeIgniter\CodeIgniter->runController(Object(App\Controllers\Contacts))
 4 SYSTEMPATH\CodeIgniter.php(368): CodeIgniter\CodeIgniter->handleRequest(null, Object(Config\Cache), false)
 5 FCPATH\index.php(67): CodeIgniter\CodeIgniter->run()
 6 SYSTEMPATH\Commands\Server\rewrite.php(47): require_once('FCPATH\\index.php')
CRITICAL - 2023-03-31 13:04:28 --> Call to undefined function App\Models\getResult()
in APPPATH\Models\M_Contacts.php on line 21.
 1 APPPATH\Controllers\Contacts.php(24): App\Models\M_Contacts->getAll()
 2 SYSTEMPATH\CodeIgniter.php(934): App\Controllers\Contacts->index()
 3 SYSTEMPATH\CodeIgniter.php(499): CodeIgniter\CodeIgniter->runController(Object(App\Controllers\Contacts))
 4 SYSTEMPATH\CodeIgniter.php(368): CodeIgniter\CodeIgniter->handleRequest(null, Object(Config\Cache), false)
 5 FCPATH\index.php(67): CodeIgniter\CodeIgniter->run()
 6 SYSTEMPATH\Commands\Server\rewrite.php(47): require_once('FCPATH\\index.php')
CRITICAL - 2023-03-31 13:05:40 --> Call to undefined function App\Models\getResult()
in APPPATH\Models\M_Contacts.php on line 21.
 1 APPPATH\Controllers\Contacts.php(24): App\Models\M_Contacts->getAll()
 2 SYSTEMPATH\CodeIgniter.php(934): App\Controllers\Contacts->index()
 3 SYSTEMPATH\CodeIgniter.php(499): CodeIgniter\CodeIgniter->runController(Object(App\Controllers\Contacts))
 4 SYSTEMPATH\CodeIgniter.php(368): CodeIgniter\CodeIgniter->handleRequest(null, Object(Config\Cache), false)
 5 FCPATH\index.php(67): CodeIgniter\CodeIgniter->run()
 6 SYSTEMPATH\Commands\Server\rewrite.php(47): require_once('FCPATH\\index.php')
CRITICAL - 2023-03-31 13:07:17 --> Use of undefined constant contacts - assumed 'contacts' (this will throw an Error in a future version of PHP)
in APPPATH\Views\contact\index.php on line 90.
 1 APPPATH\Views\contact\index.php(90): CodeIgniter\Debug\Exceptions->errorHandler(2, 'Use of undefined constant contacts - assumed \'contacts\' (this will throw an Error in a future version of PHP)', 'APPPATH\\Views\\contact\\index.php', 90, [...])
 2 SYSTEMPATH\View\View.php(213): include('APPPATH\\Views\\contact\\index.php')
 3 SYSTEMPATH\View\View.php(216): CodeIgniter\View\View->CodeIgniter\View\{closure}()
 4 SYSTEMPATH\Common.php(1184): CodeIgniter\View\View->render('contact/index', [], true)
 5 APPPATH\Controllers\Contacts.php(25): view('contact/index', [...])
 6 SYSTEMPATH\CodeIgniter.php(934): App\Controllers\Contacts->index()
 7 SYSTEMPATH\CodeIgniter.php(499): CodeIgniter\CodeIgniter->runController(Object(App\Controllers\Contacts))
 8 SYSTEMPATH\CodeIgniter.php(368): CodeIgniter\CodeIgniter->handleRequest(null, Object(Config\Cache), false)
 9 FCPATH\index.php(67): CodeIgniter\CodeIgniter->run()
10 SYSTEMPATH\Commands\Server\rewrite.php(47): require_once('FCPATH\\index.php')
CRITICAL - 2023-03-31 13:07:59 --> Use of undefined constant contacts - assumed 'contacts' (this will throw an Error in a future version of PHP)
in APPPATH\Views\contact\index.php on line 90.
 1 APPPATH\Views\contact\index.php(90): CodeIgniter\Debug\Exceptions->errorHandler(2, 'Use of undefined constant contacts - assumed \'contacts\' (this will throw an Error in a future version of PHP)', 'APPPATH\\Views\\contact\\index.php', 90, [...])
 2 SYSTEMPATH\View\View.php(213): include('APPPATH\\Views\\contact\\index.php')
 3 SYSTEMPATH\View\View.php(216): CodeIgniter\View\View->CodeIgniter\View\{closure}()
 4 SYSTEMPATH\Common.php(1184): CodeIgniter\View\View->render('contact/index', [], true)
 5 APPPATH\Controllers\Contacts.php(25): view('contact/index', [...])
 6 SYSTEMPATH\CodeIgniter.php(934): App\Controllers\Contacts->index()
 7 SYSTEMPATH\CodeIgniter.php(499): CodeIgniter\CodeIgniter->runController(Object(App\Controllers\Contacts))
 8 SYSTEMPATH\CodeIgniter.php(368): CodeIgniter\CodeIgniter->handleRequest(null, Object(Config\Cache), false)
 9 FCPATH\index.php(67): CodeIgniter\CodeIgniter->run()
10 SYSTEMPATH\Commands\Server\rewrite.php(47): require_once('FCPATH\\index.php')
CRITICAL - 2023-03-31 13:11:09 --> Use of undefined constant contacts - assumed 'contacts' (this will throw an Error in a future version of PHP)
in APPPATH\Views\contact\index.php on line 90.
 1 APPPATH\Views\contact\index.php(90): CodeIgniter\Debug\Exceptions->errorHandler(2, 'Use of undefined constant contacts - assumed \'contacts\' (this will throw an Error in a future version of PHP)', 'APPPATH\\Views\\contact\\index.php', 90, [...])
 2 SYSTEMPATH\View\View.php(213): include('APPPATH\\Views\\contact\\index.php')
 3 SYSTEMPATH\View\View.php(216): CodeIgniter\View\View->CodeIgniter\View\{closure}()
 4 SYSTEMPATH\Common.php(1184): CodeIgniter\View\View->render('contact/index', [], true)
 5 APPPATH\Controllers\Contacts.php(25): view('contact/index', [...])
 6 SYSTEMPATH\CodeIgniter.php(934): App\Controllers\Contacts->index()
 7 SYSTEMPATH\CodeIgniter.php(499): CodeIgniter\CodeIgniter->runController(Object(App\Controllers\Contacts))
 8 SYSTEMPATH\CodeIgniter.php(368): CodeIgniter\CodeIgniter->handleRequest(null, Object(Config\Cache), false)
 9 FCPATH\index.php(67): CodeIgniter\CodeIgniter->run()
10 SYSTEMPATH\Commands\Server\rewrite.php(47): require_once('FCPATH\\index.php')
ERROR - 2023-03-31 13:26:36 --> mysqli_sql_exception: Unknown column 'cantacts.id_group' in 'on clause' in D:\Dev\codeigniter4\reno-dev\vendor\codeigniter4\framework\system\Database\MySQLi\Connection.php:295
Stack trace:
#0 D:\Dev\codeigniter4\reno-dev\vendor\codeigniter4\framework\system\Database\MySQLi\Connection.php(295): mysqli->query('SELECT *\nFROM `...', 0)
#1 D:\Dev\codeigniter4\reno-dev\vendor\codeigniter4\framework\system\Database\BaseConnection.php(691): CodeIgniter\Database\MySQLi\Connection->execute('SELECT *\nFROM `...')
#2 D:\Dev\codeigniter4\reno-dev\vendor\codeigniter4\framework\system\Database\BaseConnection.php(605): CodeIgniter\Database\BaseConnection->simpleQuery('SELECT *\nFROM `...')
#3 D:\Dev\codeigniter4\reno-dev\vendor\codeigniter4\framework\system\Database\BaseBuilder.php(1616): CodeIgniter\Database\BaseConnection->query('SELECT *\nFROM `...', Array, false)
#4 D:\Dev\codeigniter4\reno-dev\app\Models\M_Contacts.php(20): CodeIgniter\Database\BaseBuilder->get()
#5 D:\Dev\codeigniter4\reno-dev\app\Controllers\Contacts.php(24): App\Models\M_Contacts->getAll()
#6 D:\Dev\codeigniter4\reno-dev\vendor\codeigniter4\framework\system\CodeIgniter.php(934): App\Controllers\Contacts->index()
#7 D:\Dev\codeigniter4\reno-dev\vendor\codeigniter4\framework\system\CodeIgniter.php(499): CodeIgniter\CodeIgniter->runController(Object(App\Controllers\Contacts))
#8 D:\Dev\codeigniter4\reno-dev\vendor\codeigniter4\framework\system\CodeIgniter.php(368): CodeIgniter\CodeIgniter->handleRequest(NULL, Object(Config\Cache), false)
#9 D:\Dev\codeigniter4\reno-dev\public\index.php(67): CodeIgniter\CodeIgniter->run()
#10 D:\Dev\codeigniter4\reno-dev\vendor\codeigniter4\framework\system\Commands\Server\rewrite.php(47): require_once('D:\\Dev\\codeigni...')
#11 {main}
CRITICAL - 2023-03-31 13:26:36 --> Unknown column 'cantacts.id_group' in 'on clause'
in SYSTEMPATH\Database\BaseConnection.php on line 645.
 1 SYSTEMPATH\Database\BaseBuilder.php(1616): CodeIgniter\Database\BaseConnection->query('SELECT *
FROM `contacts`
JOIN `groups` ON `groups`.`id_group` = `cantacts`.`id_group`', [], false)
 2 APPPATH\Models\M_Contacts.php(20): CodeIgniter\Database\BaseBuilder->get()
 3 APPPATH\Controllers\Contacts.php(24): App\Models\M_Contacts->getAll()
 4 SYSTEMPATH\CodeIgniter.php(934): App\Controllers\Contacts->index()
 5 SYSTEMPATH\CodeIgniter.php(499): CodeIgniter\CodeIgniter->runController(Object(App\Controllers\Contacts))
 6 SYSTEMPATH\CodeIgniter.php(368): CodeIgniter\CodeIgniter->handleRequest(null, Object(Config\Cache), false)
 7 FCPATH\index.php(67): CodeIgniter\CodeIgniter->run()
 8 SYSTEMPATH\Commands\Server\rewrite.php(47): require_once('FCPATH\\index.php')
