CRITICAL - 2023-04-03 11:18:30 --> Use of undefined constant groups - assumed 'groups' (this will throw an Error in a future version of PHP)
in APPPATH\Controllers\Contacts.php on line 45.
 1 APPPATH\Controllers\Contacts.php(45): CodeIgniter\Debug\Exceptions->errorHandler(2, 'Use of undefined constant groups - assumed \'groups\' (this will throw an Error in a future version of PHP)', 'APPPATH\\Controllers\\Contacts.php', 45, [])
 2 SYSTEMPATH\CodeIgniter.php(934): App\Controllers\Contacts->new()
 3 SYSTEMPATH\CodeIgniter.php(499): CodeIgniter\CodeIgniter->runController(Object(App\Controllers\Contacts))
 4 SYSTEMPATH\CodeIgniter.php(368): CodeIgniter\CodeIgniter->handleRequest(null, Object(Config\Cache), false)
 5 FCPATH\index.php(67): CodeIgniter\CodeIgniter->run()
 6 SYSTEMPATH\Commands\Server\rewrite.php(47): require_once('FCPATH\\index.php')
ERROR - 2023-04-03 11:29:19 --> mysqli_sql_exception: Table 'devci4.contact' doesn't exist in D:\Dev\codeigniter4\reno-dev\vendor\codeigniter4\framework\system\Database\MySQLi\Connection.php:295
Stack trace:
#0 D:\Dev\codeigniter4\reno-dev\vendor\codeigniter4\framework\system\Database\MySQLi\Connection.php(295): mysqli->query('INSERT INTO `co...', 0)
#1 D:\Dev\codeigniter4\reno-dev\vendor\codeigniter4\framework\system\Database\BaseConnection.php(691): CodeIgniter\Database\MySQLi\Connection->execute('INSERT INTO `co...')
#2 D:\Dev\codeigniter4\reno-dev\vendor\codeigniter4\framework\system\Database\BaseConnection.php(605): CodeIgniter\Database\BaseConnection->simpleQuery('INSERT INTO `co...')
#3 D:\Dev\codeigniter4\reno-dev\vendor\codeigniter4\framework\system\Database\BaseBuilder.php(2309): CodeIgniter\Database\BaseConnection->query('INSERT INTO `co...', Array, false)
#4 D:\Dev\codeigniter4\reno-dev\vendor\codeigniter4\framework\system\Model.php(330): CodeIgniter\Database\BaseBuilder->insert()
#5 D:\Dev\codeigniter4\reno-dev\vendor\codeigniter4\framework\system\BaseModel.php(782): CodeIgniter\Model->doInsert(Array)
#6 D:\Dev\codeigniter4\reno-dev\vendor\codeigniter4\framework\system\Model.php(730): CodeIgniter\BaseModel->insert(Array, true)
#7 D:\Dev\codeigniter4\reno-dev\app\Controllers\Contacts.php(57): CodeIgniter\Model->insert(Array)
#8 D:\Dev\codeigniter4\reno-dev\vendor\codeigniter4\framework\system\CodeIgniter.php(934): App\Controllers\Contacts->create()
#9 D:\Dev\codeigniter4\reno-dev\vendor\codeigniter4\framework\system\CodeIgniter.php(499): CodeIgniter\CodeIgniter->runController(Object(App\Controllers\Contacts))
#10 D:\Dev\codeigniter4\reno-dev\vendor\codeigniter4\framework\system\CodeIgniter.php(368): CodeIgniter\CodeIgniter->handleRequest(NULL, Object(Config\Cache), false)
#11 D:\Dev\codeigniter4\reno-dev\public\index.php(67): CodeIgniter\CodeIgniter->run()
#12 D:\Dev\codeigniter4\reno-dev\vendor\codeigniter4\framework\system\Commands\Server\rewrite.php(47): require_once('D:\\Dev\\codeigni...')
#13 {main}
CRITICAL - 2023-04-03 11:29:19 --> Table 'devci4.contact' doesn't exist
in SYSTEMPATH\Database\BaseConnection.php on line 645.
 1 SYSTEMPATH\Database\BaseBuilder.php(2309): CodeIgniter\Database\BaseConnection->query('INSERT INTO `contact` (`name_contact`, `name_alias`, `phone`, `email`, `address`, `created_at`, `updated_at`) VALUES (:name_contact:, :name_alias:, :phone:, :email:, :address:, :created_at:, :updated_at:)', [...], false)
 2 SYSTEMPATH\Model.php(330): CodeIgniter\Database\BaseBuilder->insert()
 3 SYSTEMPATH\BaseModel.php(782): CodeIgniter\Model->doInsert([...])
 4 SYSTEMPATH\Model.php(730): CodeIgniter\BaseModel->insert([...], true)
 5 APPPATH\Controllers\Contacts.php(57): CodeIgniter\Model->insert([...])
 6 SYSTEMPATH\CodeIgniter.php(934): App\Controllers\Contacts->create()
 7 SYSTEMPATH\CodeIgniter.php(499): CodeIgniter\CodeIgniter->runController(Object(App\Controllers\Contacts))
 8 SYSTEMPATH\CodeIgniter.php(368): CodeIgniter\CodeIgniter->handleRequest(null, Object(Config\Cache), false)
 9 FCPATH\index.php(67): CodeIgniter\CodeIgniter->run()
10 SYSTEMPATH\Commands\Server\rewrite.php(47): require_once('FCPATH\\index.php')
ERROR - 2023-04-03 11:30:08 --> mysqli_sql_exception: Table 'devci4.contact' doesn't exist in D:\Dev\codeigniter4\reno-dev\vendor\codeigniter4\framework\system\Database\MySQLi\Connection.php:295
Stack trace:
#0 D:\Dev\codeigniter4\reno-dev\vendor\codeigniter4\framework\system\Database\MySQLi\Connection.php(295): mysqli->query('INSERT INTO `co...', 0)
#1 D:\Dev\codeigniter4\reno-dev\vendor\codeigniter4\framework\system\Database\BaseConnection.php(691): CodeIgniter\Database\MySQLi\Connection->execute('INSERT INTO `co...')
#2 D:\Dev\codeigniter4\reno-dev\vendor\codeigniter4\framework\system\Database\BaseConnection.php(605): CodeIgniter\Database\BaseConnection->simpleQuery('INSERT INTO `co...')
#3 D:\Dev\codeigniter4\reno-dev\vendor\codeigniter4\framework\system\Database\BaseBuilder.php(2309): CodeIgniter\Database\BaseConnection->query('INSERT INTO `co...', Array, false)
#4 D:\Dev\codeigniter4\reno-dev\vendor\codeigniter4\framework\system\Model.php(330): CodeIgniter\Database\BaseBuilder->insert()
#5 D:\Dev\codeigniter4\reno-dev\vendor\codeigniter4\framework\system\BaseModel.php(782): CodeIgniter\Model->doInsert(Array)
#6 D:\Dev\codeigniter4\reno-dev\vendor\codeigniter4\framework\system\Model.php(730): CodeIgniter\BaseModel->insert(Array, true)
#7 D:\Dev\codeigniter4\reno-dev\app\Controllers\Contacts.php(57): CodeIgniter\Model->insert(Array)
#8 D:\Dev\codeigniter4\reno-dev\vendor\codeigniter4\framework\system\CodeIgniter.php(934): App\Controllers\Contacts->create()
#9 D:\Dev\codeigniter4\reno-dev\vendor\codeigniter4\framework\system\CodeIgniter.php(499): CodeIgniter\CodeIgniter->runController(Object(App\Controllers\Contacts))
#10 D:\Dev\codeigniter4\reno-dev\vendor\codeigniter4\framework\system\CodeIgniter.php(368): CodeIgniter\CodeIgniter->handleRequest(NULL, Object(Config\Cache), false)
#11 D:\Dev\codeigniter4\reno-dev\public\index.php(67): CodeIgniter\CodeIgniter->run()
#12 D:\Dev\codeigniter4\reno-dev\vendor\codeigniter4\framework\system\Commands\Server\rewrite.php(47): require_once('D:\\Dev\\codeigni...')
#13 {main}
CRITICAL - 2023-04-03 11:30:08 --> Table 'devci4.contact' doesn't exist
in SYSTEMPATH\Database\BaseConnection.php on line 645.
 1 SYSTEMPATH\Database\BaseBuilder.php(2309): CodeIgniter\Database\BaseConnection->query('INSERT INTO `contact` (`name_contact`, `name_alias`, `phone`, `email`, `address`, `created_at`, `updated_at`) VALUES (:name_contact:, :name_alias:, :phone:, :email:, :address:, :created_at:, :updated_at:)', [...], false)
 2 SYSTEMPATH\Model.php(330): CodeIgniter\Database\BaseBuilder->insert()
 3 SYSTEMPATH\BaseModel.php(782): CodeIgniter\Model->doInsert([...])
 4 SYSTEMPATH\Model.php(730): CodeIgniter\BaseModel->insert([...], true)
 5 APPPATH\Controllers\Contacts.php(57): CodeIgniter\Model->insert([...])
 6 SYSTEMPATH\CodeIgniter.php(934): App\Controllers\Contacts->create()
 7 SYSTEMPATH\CodeIgniter.php(499): CodeIgniter\CodeIgniter->runController(Object(App\Controllers\Contacts))
 8 SYSTEMPATH\CodeIgniter.php(368): CodeIgniter\CodeIgniter->handleRequest(null, Object(Config\Cache), false)
 9 FCPATH\index.php(67): CodeIgniter\CodeIgniter->run()
10 SYSTEMPATH\Commands\Server\rewrite.php(47): require_once('FCPATH\\index.php')
ERROR - 2023-04-03 11:31:15 --> mysqli_sql_exception: Cannot add or update a child row: a foreign key constraint fails (`devci4`.`contacts`, CONSTRAINT `contacts_id_group_foreign` FOREIGN KEY (`id_group`) REFERENCES `groups` (`id_group`)) in D:\Dev\codeigniter4\reno-dev\vendor\codeigniter4\framework\system\Database\MySQLi\Connection.php:295
Stack trace:
#0 D:\Dev\codeigniter4\reno-dev\vendor\codeigniter4\framework\system\Database\MySQLi\Connection.php(295): mysqli->query('INSERT INTO `co...', 0)
#1 D:\Dev\codeigniter4\reno-dev\vendor\codeigniter4\framework\system\Database\BaseConnection.php(691): CodeIgniter\Database\MySQLi\Connection->execute('INSERT INTO `co...')
#2 D:\Dev\codeigniter4\reno-dev\vendor\codeigniter4\framework\system\Database\BaseConnection.php(605): CodeIgniter\Database\BaseConnection->simpleQuery('INSERT INTO `co...')
#3 D:\Dev\codeigniter4\reno-dev\vendor\codeigniter4\framework\system\Database\BaseBuilder.php(2309): CodeIgniter\Database\BaseConnection->query('INSERT INTO `co...', Array, false)
#4 D:\Dev\codeigniter4\reno-dev\vendor\codeigniter4\framework\system\Model.php(330): CodeIgniter\Database\BaseBuilder->insert()
#5 D:\Dev\codeigniter4\reno-dev\vendor\codeigniter4\framework\system\BaseModel.php(782): CodeIgniter\Model->doInsert(Array)
#6 D:\Dev\codeigniter4\reno-dev\vendor\codeigniter4\framework\system\Model.php(730): CodeIgniter\BaseModel->insert(Array, true)
#7 D:\Dev\codeigniter4\reno-dev\app\Controllers\Contacts.php(57): CodeIgniter\Model->insert(Array)
#8 D:\Dev\codeigniter4\reno-dev\vendor\codeigniter4\framework\system\CodeIgniter.php(934): App\Controllers\Contacts->create()
#9 D:\Dev\codeigniter4\reno-dev\vendor\codeigniter4\framework\system\CodeIgniter.php(499): CodeIgniter\CodeIgniter->runController(Object(App\Controllers\Contacts))
#10 D:\Dev\codeigniter4\reno-dev\vendor\codeigniter4\framework\system\CodeIgniter.php(368): CodeIgniter\CodeIgniter->handleRequest(NULL, Object(Config\Cache), false)
#11 D:\Dev\codeigniter4\reno-dev\public\index.php(67): CodeIgniter\CodeIgniter->run()
#12 D:\Dev\codeigniter4\reno-dev\vendor\codeigniter4\framework\system\Commands\Server\rewrite.php(47): require_once('D:\\Dev\\codeigni...')
#13 {main}
CRITICAL - 2023-04-03 11:31:15 --> Cannot add or update a child row: a foreign key constraint fails (`devci4`.`contacts`, CONSTRAINT `contacts_id_group_foreign` FOREIGN KEY (`id_group`) REFERENCES `groups` (`id_group`))
in SYSTEMPATH\Database\BaseConnection.php on line 645.
 1 SYSTEMPATH\Database\BaseBuilder.php(2309): CodeIgniter\Database\BaseConnection->query('INSERT INTO `contacts` (`name_contact`, `name_alias`, `phone`, `email`, `address`, `created_at`, `updated_at`) VALUES (:name_contact:, :name_alias:, :phone:, :email:, :address:, :created_at:, :updated_at:)', [...], false)
 2 SYSTEMPATH\Model.php(330): CodeIgniter\Database\BaseBuilder->insert()
 3 SYSTEMPATH\BaseModel.php(782): CodeIgniter\Model->doInsert([...])
 4 SYSTEMPATH\Model.php(730): CodeIgniter\BaseModel->insert([...], true)
 5 APPPATH\Controllers\Contacts.php(57): CodeIgniter\Model->insert([...])
 6 SYSTEMPATH\CodeIgniter.php(934): App\Controllers\Contacts->create()
 7 SYSTEMPATH\CodeIgniter.php(499): CodeIgniter\CodeIgniter->runController(Object(App\Controllers\Contacts))
 8 SYSTEMPATH\CodeIgniter.php(368): CodeIgniter\CodeIgniter->handleRequest(null, Object(Config\Cache), false)
 9 FCPATH\index.php(67): CodeIgniter\CodeIgniter->run()
10 SYSTEMPATH\Commands\Server\rewrite.php(47): require_once('FCPATH\\index.php')
