CRITICAL - 2023-03-22 19:56:45 --> Call to undefined function userLogin()
in APPPATH\Views\layout\default.php on line 57.
 1 SYSTEMPATH\View\View.php(213): include()
 2 SYSTEMPATH\View\View.php(216): CodeIgniter\View\View->CodeIgniter\View\{closure}()
 3 SYSTEMPATH\View\View.php(229): CodeIgniter\View\View->render('layout/default', [], true)
 4 SYSTEMPATH\Common.php(1184): CodeIgniter\View\View->render('group/index', [], true)
 5 APPPATH\Controllers\Groups.php(24): view('group/index', [...])
 6 SYSTEMPATH\CodeIgniter.php(934): App\Controllers\Groups->index()
 7 SYSTEMPATH\CodeIgniter.php(499): CodeIgniter\CodeIgniter->runController(Object(App\Controllers\Groups))
 8 SYSTEMPATH\CodeIgniter.php(368): CodeIgniter\CodeIgniter->handleRequest(null, Object(Config\Cache), false)
 9 FCPATH\index.php(67): CodeIgniter\CodeIgniter->run()
10 SYSTEMPATH\Commands\Server\rewrite.php(47): require_once('FCPATH\\index.php')
CRITICAL - 2023-03-22 20:01:57 --> Call to undefined function userLogin()
in APPPATH\Views\layout\default.php on line 57.
 1 SYSTEMPATH\View\View.php(213): include()
 2 SYSTEMPATH\View\View.php(216): CodeIgniter\View\View->CodeIgniter\View\{closure}()
 3 SYSTEMPATH\View\View.php(229): CodeIgniter\View\View->render('layout/default', [], true)
 4 SYSTEMPATH\Common.php(1184): CodeIgniter\View\View->render('group/index', [], true)
 5 APPPATH\Controllers\Groups.php(25): view('group/index', [...])
 6 SYSTEMPATH\CodeIgniter.php(934): App\Controllers\Groups->index()
 7 SYSTEMPATH\CodeIgniter.php(499): CodeIgniter\CodeIgniter->runController(Object(App\Controllers\Groups))
 8 SYSTEMPATH\CodeIgniter.php(368): CodeIgniter\CodeIgniter->handleRequest(null, Object(Config\Cache), false)
 9 FCPATH\index.php(67): CodeIgniter\CodeIgniter->run()
10 SYSTEMPATH\Commands\Server\rewrite.php(47): require_once('FCPATH\\index.php')
