CRITICAL - 2023-03-11 02:14:48 --> Call to undefined function csrf_filed()
in APPPATH\Views\acara\add.php on line 39.
 1 SYSTEMPATH\View\View.php(213): include()
 2 SYSTEMPATH\View\View.php(216): CodeIgniter\View\View->CodeIgniter\View\{closure}()
 3 SYSTEMPATH\Common.php(1184): CodeIgniter\View\View->render('acara/add', [], true)
 4 APPPATH\Controllers\Acara.php(25): view('acara/add')
 5 SYSTEMPATH\CodeIgniter.php(934): App\Controllers\Acara->create()
 6 SYSTEMPATH\CodeIgniter.php(499): CodeIgniter\CodeIgniter->runController(Object(App\Controllers\Acara))
 7 SYSTEMPATH\CodeIgniter.php(368): CodeIgniter\CodeIgniter->handleRequest(null, Object(Config\Cache), false)
 8 FCPATH\index.php(67): CodeIgniter\CodeIgniter->run()
 9 SYSTEMPATH\Commands\Server\rewrite.php(47): require_once('FCPATH\\index.php')
CRITICAL - 2023-03-11 02:17:43 --> Call to undefined function csrf_filed()
in APPPATH\Views\acara\add.php on line 39.
 1 SYSTEMPATH\View\View.php(213): include()
 2 SYSTEMPATH\View\View.php(216): CodeIgniter\View\View->CodeIgniter\View\{closure}()
 3 SYSTEMPATH\Common.php(1184): CodeIgniter\View\View->render('acara/add', [], true)
 4 APPPATH\Controllers\Acara.php(25): view('acara/add')
 5 SYSTEMPATH\CodeIgniter.php(934): App\Controllers\Acara->create()
 6 SYSTEMPATH\CodeIgniter.php(499): CodeIgniter\CodeIgniter->runController(Object(App\Controllers\Acara))
 7 SYSTEMPATH\CodeIgniter.php(368): CodeIgniter\CodeIgniter->handleRequest(null, Object(Config\Cache), false)
 8 FCPATH\index.php(67): CodeIgniter\CodeIgniter->run()
 9 SYSTEMPATH\Commands\Server\rewrite.php(47): require_once('FCPATH\\index.php')
CRITICAL - 2023-03-11 02:17:52 --> Call to undefined function csrf_filed()
in APPPATH\Views\acara\add.php on line 39.
 1 SYSTEMPATH\View\View.php(213): include()
 2 SYSTEMPATH\View\View.php(216): CodeIgniter\View\View->CodeIgniter\View\{closure}()
 3 SYSTEMPATH\Common.php(1184): CodeIgniter\View\View->render('acara/add', [], true)
 4 APPPATH\Controllers\Acara.php(25): view('acara/add')
 5 SYSTEMPATH\CodeIgniter.php(934): App\Controllers\Acara->create()
 6 SYSTEMPATH\CodeIgniter.php(499): CodeIgniter\CodeIgniter->runController(Object(App\Controllers\Acara))
 7 SYSTEMPATH\CodeIgniter.php(368): CodeIgniter\CodeIgniter->handleRequest(null, Object(Config\Cache), false)
 8 FCPATH\index.php(67): CodeIgniter\CodeIgniter->run()
 9 SYSTEMPATH\Commands\Server\rewrite.php(47): require_once('FCPATH\\index.php')
CRITICAL - 2023-03-11 02:18:50 --> Call to undefined function csrf_filed()
in APPPATH\Views\acara\add.php on line 39.
 1 SYSTEMPATH\View\View.php(213): include()
 2 SYSTEMPATH\View\View.php(216): CodeIgniter\View\View->CodeIgniter\View\{closure}()
 3 SYSTEMPATH\Common.php(1184): CodeIgniter\View\View->render('acara/add', [], true)
 4 APPPATH\Controllers\Acara.php(25): view('acara/add')
 5 SYSTEMPATH\CodeIgniter.php(934): App\Controllers\Acara->create()
 6 SYSTEMPATH\CodeIgniter.php(499): CodeIgniter\CodeIgniter->runController(Object(App\Controllers\Acara))
 7 SYSTEMPATH\CodeIgniter.php(368): CodeIgniter\CodeIgniter->handleRequest(null, Object(Config\Cache), false)
 8 FCPATH\index.php(67): CodeIgniter\CodeIgniter->run()
 9 SYSTEMPATH\Commands\Server\rewrite.php(47): require_once('FCPATH\\index.php')
CRITICAL - 2023-03-11 02:19:22 --> Call to undefined function csrf_filed()
in APPPATH\Views\acara\add.php on line 39.
 1 SYSTEMPATH\View\View.php(213): include()
 2 SYSTEMPATH\View\View.php(216): CodeIgniter\View\View->CodeIgniter\View\{closure}()
 3 SYSTEMPATH\Common.php(1184): CodeIgniter\View\View->render('acara/add', [], true)
 4 APPPATH\Controllers\Acara.php(25): view('acara/add')
 5 SYSTEMPATH\CodeIgniter.php(934): App\Controllers\Acara->create()
 6 SYSTEMPATH\CodeIgniter.php(499): CodeIgniter\CodeIgniter->runController(Object(App\Controllers\Acara))
 7 SYSTEMPATH\CodeIgniter.php(368): CodeIgniter\CodeIgniter->handleRequest(null, Object(Config\Cache), false)
 8 FCPATH\index.php(67): CodeIgniter\CodeIgniter->run()
 9 SYSTEMPATH\Commands\Server\rewrite.php(47): require_once('FCPATH\\index.php')
CRITICAL - 2023-03-11 02:19:24 --> Call to undefined function csrf_filed()
in APPPATH\Views\acara\add.php on line 39.
 1 SYSTEMPATH\View\View.php(213): include()
 2 SYSTEMPATH\View\View.php(216): CodeIgniter\View\View->CodeIgniter\View\{closure}()
 3 SYSTEMPATH\Common.php(1184): CodeIgniter\View\View->render('acara/add', [], true)
 4 APPPATH\Controllers\Acara.php(25): view('acara/add')
 5 SYSTEMPATH\CodeIgniter.php(934): App\Controllers\Acara->create()
 6 SYSTEMPATH\CodeIgniter.php(499): CodeIgniter\CodeIgniter->runController(Object(App\Controllers\Acara))
 7 SYSTEMPATH\CodeIgniter.php(368): CodeIgniter\CodeIgniter->handleRequest(null, Object(Config\Cache), false)
 8 FCPATH\index.php(67): CodeIgniter\CodeIgniter->run()
 9 SYSTEMPATH\Commands\Server\rewrite.php(47): require_once('FCPATH\\index.php')
CRITICAL - 2023-03-11 02:19:43 --> Call to undefined function csrf_filed()
in APPPATH\Views\acara\add.php on line 39.
 1 SYSTEMPATH\View\View.php(213): include()
 2 SYSTEMPATH\View\View.php(216): CodeIgniter\View\View->CodeIgniter\View\{closure}()
 3 SYSTEMPATH\Common.php(1184): CodeIgniter\View\View->render('acara/add', [], true)
 4 APPPATH\Controllers\Acara.php(25): view('acara/add')
 5 SYSTEMPATH\CodeIgniter.php(934): App\Controllers\Acara->create()
 6 SYSTEMPATH\CodeIgniter.php(499): CodeIgniter\CodeIgniter->runController(Object(App\Controllers\Acara))
 7 SYSTEMPATH\CodeIgniter.php(368): CodeIgniter\CodeIgniter->handleRequest(null, Object(Config\Cache), false)
 8 FCPATH\index.php(67): CodeIgniter\CodeIgniter->run()
 9 SYSTEMPATH\Commands\Server\rewrite.php(47): require_once('FCPATH\\index.php')
CRITICAL - 2023-03-11 02:19:45 --> Call to undefined function csrf_filed()
in APPPATH\Views\acara\add.php on line 39.
 1 SYSTEMPATH\View\View.php(213): include()
 2 SYSTEMPATH\View\View.php(216): CodeIgniter\View\View->CodeIgniter\View\{closure}()
 3 SYSTEMPATH\Common.php(1184): CodeIgniter\View\View->render('acara/add', [], true)
 4 APPPATH\Controllers\Acara.php(25): view('acara/add')
 5 SYSTEMPATH\CodeIgniter.php(934): App\Controllers\Acara->create()
 6 SYSTEMPATH\CodeIgniter.php(499): CodeIgniter\CodeIgniter->runController(Object(App\Controllers\Acara))
 7 SYSTEMPATH\CodeIgniter.php(368): CodeIgniter\CodeIgniter->handleRequest(null, Object(Config\Cache), false)
 8 FCPATH\index.php(67): CodeIgniter\CodeIgniter->run()
 9 SYSTEMPATH\Commands\Server\rewrite.php(47): require_once('FCPATH\\index.php')
CRITICAL - 2023-03-11 02:20:25 --> Call to undefined function csrf_filed()
in APPPATH\Views\acara\add.php on line 39.
 1 SYSTEMPATH\View\View.php(213): include()
 2 SYSTEMPATH\View\View.php(216): CodeIgniter\View\View->CodeIgniter\View\{closure}()
 3 SYSTEMPATH\Common.php(1184): CodeIgniter\View\View->render('acara/add', [], true)
 4 APPPATH\Controllers\Acara.php(25): view('acara/add')
 5 SYSTEMPATH\CodeIgniter.php(934): App\Controllers\Acara->create()
 6 SYSTEMPATH\CodeIgniter.php(499): CodeIgniter\CodeIgniter->runController(Object(App\Controllers\Acara))
 7 SYSTEMPATH\CodeIgniter.php(368): CodeIgniter\CodeIgniter->handleRequest(null, Object(Config\Cache), false)
 8 FCPATH\index.php(67): CodeIgniter\CodeIgniter->run()
 9 SYSTEMPATH\Commands\Server\rewrite.php(47): require_once('FCPATH\\index.php')
CRITICAL - 2023-03-11 02:20:34 --> Call to a member function table() on null
in APPPATH\Controllers\Acara.php on line 12.
 1 SYSTEMPATH\CodeIgniter.php(934): App\Controllers\Acara->index()
 2 SYSTEMPATH\CodeIgniter.php(499): CodeIgniter\CodeIgniter->runController(Object(App\Controllers\Acara))
 3 SYSTEMPATH\CodeIgniter.php(368): CodeIgniter\CodeIgniter->handleRequest(null, Object(Config\Cache), false)
 4 FCPATH\index.php(67): CodeIgniter\CodeIgniter->run()
 5 SYSTEMPATH\Commands\Server\rewrite.php(47): require_once('FCPATH\\index.php')
CRITICAL - 2023-03-11 02:20:55 --> Call to undefined function csrf_filed()
in APPPATH\Views\acara\add.php on line 39.
 1 SYSTEMPATH\View\View.php(213): include()
 2 SYSTEMPATH\View\View.php(216): CodeIgniter\View\View->CodeIgniter\View\{closure}()
 3 SYSTEMPATH\Common.php(1184): CodeIgniter\View\View->render('acara/add', [], true)
 4 APPPATH\Controllers\Acara.php(26): view('acara/add')
 5 SYSTEMPATH\CodeIgniter.php(934): App\Controllers\Acara->create()
 6 SYSTEMPATH\CodeIgniter.php(499): CodeIgniter\CodeIgniter->runController(Object(App\Controllers\Acara))
 7 SYSTEMPATH\CodeIgniter.php(368): CodeIgniter\CodeIgniter->handleRequest(null, Object(Config\Cache), false)
 8 FCPATH\index.php(67): CodeIgniter\CodeIgniter->run()
 9 SYSTEMPATH\Commands\Server\rewrite.php(47): require_once('FCPATH\\index.php')
ERROR - 2023-03-11 04:47:26 --> Error connecting to the database: mysqli_sql_exception: Unknown database 'devci4' in D:\Dev\codeigniter4\reno-dev\vendor\codeigniter4\framework\system\Database\MySQLi\Connection.php:174
Stack trace:
#0 D:\Dev\codeigniter4\reno-dev\vendor\codeigniter4\framework\system\Database\MySQLi\Connection.php(174): mysqli->real_connect('localhost', 'root', '', 'devci4', 3306, '', 0)
#1 D:\Dev\codeigniter4\reno-dev\vendor\codeigniter4\framework\system\Database\BaseConnection.php(391): CodeIgniter\Database\MySQLi\Connection->connect(false)
#2 D:\Dev\codeigniter4\reno-dev\vendor\codeigniter4\framework\system\Database\BaseConnection.php(573): CodeIgniter\Database\BaseConnection->initialize()
#3 D:\Dev\codeigniter4\reno-dev\vendor\codeigniter4\framework\system\Database\BaseBuilder.php(1616): CodeIgniter\Database\BaseConnection->query('SELECT *\nFROM `...', Array, false)
#4 D:\Dev\codeigniter4\reno-dev\app\Controllers\Acara.php(13): CodeIgniter\Database\BaseBuilder->get()
#5 D:\Dev\codeigniter4\reno-dev\vendor\codeigniter4\framework\system\CodeIgniter.php(934): App\Controllers\Acara->index()
#6 D:\Dev\codeigniter4\reno-dev\vendor\codeigniter4\framework\system\CodeIgniter.php(499): CodeIgniter\CodeIgniter->runController(Object(App\Controllers\Acara))
#7 D:\Dev\codeigniter4\reno-dev\vendor\codeigniter4\framework\system\CodeIgniter.php(368): CodeIgniter\CodeIgniter->handleRequest(NULL, Object(Config\Cache), false)
#8 D:\Dev\codeigniter4\reno-dev\public\index.php(67): CodeIgniter\CodeIgniter->run()
#9 D:\Dev\codeigniter4\reno-dev\vendor\codeigniter4\framework\system\Commands\Server\rewrite.php(47): require_once('D:\\Dev\\codeigni...')
#10 {main}

Next CodeIgniter\Database\Exceptions\DatabaseException: Unknown database 'devci4' in D:\Dev\codeigniter4\reno-dev\vendor\codeigniter4\framework\system\Database\MySQLi\Connection.php:218
Stack trace:
#0 D:\Dev\codeigniter4\reno-dev\vendor\codeigniter4\framework\system\Database\BaseConnection.php(391): CodeIgniter\Database\MySQLi\Connection->connect(false)
#1 D:\Dev\codeigniter4\reno-dev\vendor\codeigniter4\framework\system\Database\BaseConnection.php(573): CodeIgniter\Database\BaseConnection->initialize()
#2 D:\Dev\codeigniter4\reno-dev\vendor\codeigniter4\framework\system\Database\BaseBuilder.php(1616): CodeIgniter\Database\BaseConnection->query('SELECT *\nFROM `...', Array, false)
#3 D:\Dev\codeigniter4\reno-dev\app\Controllers\Acara.php(13): CodeIgniter\Database\BaseBuilder->get()
#4 D:\Dev\codeigniter4\reno-dev\vendor\codeigniter4\framework\system\CodeIgniter.php(934): App\Controllers\Acara->index()
#5 D:\Dev\codeigniter4\reno-dev\vendor\codeigniter4\framework\system\CodeIgniter.php(499): CodeIgniter\CodeIgniter->runController(Object(App\Controllers\Acara))
#6 D:\Dev\codeigniter4\reno-dev\vendor\codeigniter4\framework\system\CodeIgniter.php(368): CodeIgniter\CodeIgniter->handleRequest(NULL, Object(Config\Cache), false)
#7 D:\Dev\codeigniter4\reno-dev\public\index.php(67): CodeIgniter\CodeIgniter->run()
#8 D:\Dev\codeigniter4\reno-dev\vendor\codeigniter4\framework\system\Commands\Server\rewrite.php(47): require_once('D:\\Dev\\codeigni...')
#9 {main}
CRITICAL - 2023-03-11 04:47:26 --> Unable to connect to the database.
Main connection [MySQLi]: Unknown database 'devci4'
in SYSTEMPATH\Database\BaseConnection.php on line 427.
 1 SYSTEMPATH\Database\BaseConnection.php(573): CodeIgniter\Database\BaseConnection->initialize()
 2 SYSTEMPATH\Database\BaseBuilder.php(1616): CodeIgniter\Database\BaseConnection->query('SELECT *
FROM `acara`', [], false)
 3 APPPATH\Controllers\Acara.php(13): CodeIgniter\Database\BaseBuilder->get()
 4 SYSTEMPATH\CodeIgniter.php(934): App\Controllers\Acara->index()
 5 SYSTEMPATH\CodeIgniter.php(499): CodeIgniter\CodeIgniter->runController(Object(App\Controllers\Acara))
 6 SYSTEMPATH\CodeIgniter.php(368): CodeIgniter\CodeIgniter->handleRequest(null, Object(Config\Cache), false)
 7 FCPATH\index.php(67): CodeIgniter\CodeIgniter->run()
 8 SYSTEMPATH\Commands\Server\rewrite.php(47): require_once('FCPATH\\index.php')
ERROR - 2023-03-11 05:00:55 --> mysqli_sql_exception: Table 'devci4.acara1' doesn't exist in D:\Dev\codeigniter4\reno-dev\vendor\codeigniter4\framework\system\Database\MySQLi\Connection.php:295
Stack trace:
#0 D:\Dev\codeigniter4\reno-dev\vendor\codeigniter4\framework\system\Database\MySQLi\Connection.php(295): mysqli->query('SELECT * FROM a...', 0)
#1 D:\Dev\codeigniter4\reno-dev\vendor\codeigniter4\framework\system\Database\BaseConnection.php(691): CodeIgniter\Database\MySQLi\Connection->execute('SELECT * FROM a...')
#2 D:\Dev\codeigniter4\reno-dev\vendor\codeigniter4\framework\system\Database\BaseConnection.php(605): CodeIgniter\Database\BaseConnection->simpleQuery('SELECT * FROM a...')
#3 D:\Dev\codeigniter4\reno-dev\app\Controllers\Acara.php(21): CodeIgniter\Database\BaseConnection->query('SELECT * FROM a...')
#4 D:\Dev\codeigniter4\reno-dev\vendor\codeigniter4\framework\system\CodeIgniter.php(934): App\Controllers\Acara->index()
#5 D:\Dev\codeigniter4\reno-dev\vendor\codeigniter4\framework\system\CodeIgniter.php(499): CodeIgniter\CodeIgniter->runController(Object(App\Controllers\Acara))
#6 D:\Dev\codeigniter4\reno-dev\vendor\codeigniter4\framework\system\CodeIgniter.php(368): CodeIgniter\CodeIgniter->handleRequest(NULL, Object(Config\Cache), false)
#7 D:\Dev\codeigniter4\reno-dev\public\index.php(67): CodeIgniter\CodeIgniter->run()
#8 D:\Dev\codeigniter4\reno-dev\vendor\codeigniter4\framework\system\Commands\Server\rewrite.php(47): require_once('D:\\Dev\\codeigni...')
#9 {main}
CRITICAL - 2023-03-11 05:00:55 --> Table 'devci4.acara1' doesn't exist
in SYSTEMPATH\Database\BaseConnection.php on line 645.
 1 APPPATH\Controllers\Acara.php(21): CodeIgniter\Database\BaseConnection->query('SELECT * FROM acara1')
 2 SYSTEMPATH\CodeIgniter.php(934): App\Controllers\Acara->index()
 3 SYSTEMPATH\CodeIgniter.php(499): CodeIgniter\CodeIgniter->runController(Object(App\Controllers\Acara))
 4 SYSTEMPATH\CodeIgniter.php(368): CodeIgniter\CodeIgniter->handleRequest(null, Object(Config\Cache), false)
 5 FCPATH\index.php(67): CodeIgniter\CodeIgniter->run()
 6 SYSTEMPATH\Commands\Server\rewrite.php(47): require_once('FCPATH\\index.php')
