CRITICAL - 2023-03-14 03:55:57 --> The action you requested is not allowed.
in SYSTEMPATH\Security\Security.php on line 306.
 1 SYSTEMPATH\Security\Security.php(306): CodeIgniter\Security\Exceptions\SecurityException::forDisallowedAction()
 2 SYSTEMPATH\Filters\CSRF.php(55): CodeIgniter\Security\Security->verify(Object(CodeIgniter\HTTP\IncomingRequest))
 3 SYSTEMPATH\Filters\Filters.php(173): CodeIgniter\Filters\CSRF->before(Object(CodeIgniter\HTTP\IncomingRequest), null)
 4 SYSTEMPATH\CodeIgniter.php(473): CodeIgniter\Filters\Filters->run('loginProcess', 'before')
 5 SYSTEMPATH\CodeIgniter.php(368): CodeIgniter\CodeIgniter->handleRequest(null, Object(Config\Cache), false)
 6 FCPATH\index.php(67): CodeIgniter\CodeIgniter->run()
 7 SYSTEMPATH\Commands\Server\rewrite.php(47): require_once('FCPATH\\index.php')
CRITICAL - 2023-03-14 14:31:22 --> Invalid argument supplied for foreach()
in APPPATH\Views\group\index.php on line 81.
 1 APPPATH\Views\group\index.php(81): CodeIgniter\Debug\Exceptions->errorHandler(2, 'Invalid argument supplied for foreach()', 'APPPATH\\Views\\group\\index.php', 81, [...])
 2 SYSTEMPATH\View\View.php(213): include('APPPATH\\Views\\group\\index.php')
 3 SYSTEMPATH\View\View.php(216): CodeIgniter\View\View->CodeIgniter\View\{closure}()
 4 SYSTEMPATH\Common.php(1184): CodeIgniter\View\View->render('group/index', [], true)
 5 APPPATH\Controllers\Groups.php(16): view('group/index')
 6 SYSTEMPATH\CodeIgniter.php(934): App\Controllers\Groups->index()
 7 SYSTEMPATH\CodeIgniter.php(499): CodeIgniter\CodeIgniter->runController(Object(App\Controllers\Groups))
 8 SYSTEMPATH\CodeIgniter.php(368): CodeIgniter\CodeIgniter->handleRequest(null, Object(Config\Cache), false)
 9 FCPATH\index.php(67): CodeIgniter\CodeIgniter->run()
10 SYSTEMPATH\Commands\Server\rewrite.php(47): require_once('FCPATH\\index.php')
CRITICAL - 2023-03-14 14:32:08 --> Invalid argument supplied for foreach()
in APPPATH\Views\group\index.php on line 81.
 1 APPPATH\Views\group\index.php(81): CodeIgniter\Debug\Exceptions->errorHandler(2, 'Invalid argument supplied for foreach()', 'APPPATH\\Views\\group\\index.php', 81, [...])
 2 SYSTEMPATH\View\View.php(213): include('APPPATH\\Views\\group\\index.php')
 3 SYSTEMPATH\View\View.php(216): CodeIgniter\View\View->CodeIgniter\View\{closure}()
 4 SYSTEMPATH\Common.php(1184): CodeIgniter\View\View->render('group/index', [], true)
 5 APPPATH\Controllers\Groups.php(16): view('group/index')
 6 SYSTEMPATH\CodeIgniter.php(934): App\Controllers\Groups->index()
 7 SYSTEMPATH\CodeIgniter.php(499): CodeIgniter\CodeIgniter->runController(Object(App\Controllers\Groups))
 8 SYSTEMPATH\CodeIgniter.php(368): CodeIgniter\CodeIgniter->handleRequest(null, Object(Config\Cache), false)
 9 FCPATH\index.php(67): CodeIgniter\CodeIgniter->run()
10 SYSTEMPATH\Commands\Server\rewrite.php(47): require_once('FCPATH\\index.php')
CRITICAL - 2023-03-14 14:32:56 --> Invalid argument supplied for foreach()
in APPPATH\Views\group\index.php on line 81.
 1 APPPATH\Views\group\index.php(81): CodeIgniter\Debug\Exceptions->errorHandler(2, 'Invalid argument supplied for foreach()', 'APPPATH\\Views\\group\\index.php', 81, [...])
 2 SYSTEMPATH\View\View.php(213): include('APPPATH\\Views\\group\\index.php')
 3 SYSTEMPATH\View\View.php(216): CodeIgniter\View\View->CodeIgniter\View\{closure}()
 4 SYSTEMPATH\Common.php(1184): CodeIgniter\View\View->render('group/index', [], true)
 5 APPPATH\Controllers\Groups.php(16): view('group/index')
 6 SYSTEMPATH\CodeIgniter.php(934): App\Controllers\Groups->index()
 7 SYSTEMPATH\CodeIgniter.php(499): CodeIgniter\CodeIgniter->runController(Object(App\Controllers\Groups))
 8 SYSTEMPATH\CodeIgniter.php(368): CodeIgniter\CodeIgniter->handleRequest(null, Object(Config\Cache), false)
 9 FCPATH\index.php(67): CodeIgniter\CodeIgniter->run()
10 SYSTEMPATH\Commands\Server\rewrite.php(47): require_once('FCPATH\\index.php')
CRITICAL - 2023-03-14 14:32:57 --> Invalid argument supplied for foreach()
in APPPATH\Views\group\index.php on line 81.
 1 APPPATH\Views\group\index.php(81): CodeIgniter\Debug\Exceptions->errorHandler(2, 'Invalid argument supplied for foreach()', 'APPPATH\\Views\\group\\index.php', 81, [...])
 2 SYSTEMPATH\View\View.php(213): include('APPPATH\\Views\\group\\index.php')
 3 SYSTEMPATH\View\View.php(216): CodeIgniter\View\View->CodeIgniter\View\{closure}()
 4 SYSTEMPATH\Common.php(1184): CodeIgniter\View\View->render('group/index', [], true)
 5 APPPATH\Controllers\Groups.php(16): view('group/index')
 6 SYSTEMPATH\CodeIgniter.php(934): App\Controllers\Groups->index()
 7 SYSTEMPATH\CodeIgniter.php(499): CodeIgniter\CodeIgniter->runController(Object(App\Controllers\Groups))
 8 SYSTEMPATH\CodeIgniter.php(368): CodeIgniter\CodeIgniter->handleRequest(null, Object(Config\Cache), false)
 9 FCPATH\index.php(67): CodeIgniter\CodeIgniter->run()
10 SYSTEMPATH\Commands\Server\rewrite.php(47): require_once('FCPATH\\index.php')
CRITICAL - 2023-03-14 14:32:57 --> Invalid argument supplied for foreach()
in APPPATH\Views\group\index.php on line 81.
 1 APPPATH\Views\group\index.php(81): CodeIgniter\Debug\Exceptions->errorHandler(2, 'Invalid argument supplied for foreach()', 'APPPATH\\Views\\group\\index.php', 81, [...])
 2 SYSTEMPATH\View\View.php(213): include('APPPATH\\Views\\group\\index.php')
 3 SYSTEMPATH\View\View.php(216): CodeIgniter\View\View->CodeIgniter\View\{closure}()
 4 SYSTEMPATH\Common.php(1184): CodeIgniter\View\View->render('group/index', [], true)
 5 APPPATH\Controllers\Groups.php(16): view('group/index')
 6 SYSTEMPATH\CodeIgniter.php(934): App\Controllers\Groups->index()
 7 SYSTEMPATH\CodeIgniter.php(499): CodeIgniter\CodeIgniter->runController(Object(App\Controllers\Groups))
 8 SYSTEMPATH\CodeIgniter.php(368): CodeIgniter\CodeIgniter->handleRequest(null, Object(Config\Cache), false)
 9 FCPATH\index.php(67): CodeIgniter\CodeIgniter->run()
10 SYSTEMPATH\Commands\Server\rewrite.php(47): require_once('FCPATH\\index.php')
CRITICAL - 2023-03-14 14:32:57 --> Invalid argument supplied for foreach()
in APPPATH\Views\group\index.php on line 81.
 1 APPPATH\Views\group\index.php(81): CodeIgniter\Debug\Exceptions->errorHandler(2, 'Invalid argument supplied for foreach()', 'APPPATH\\Views\\group\\index.php', 81, [...])
 2 SYSTEMPATH\View\View.php(213): include('APPPATH\\Views\\group\\index.php')
 3 SYSTEMPATH\View\View.php(216): CodeIgniter\View\View->CodeIgniter\View\{closure}()
 4 SYSTEMPATH\Common.php(1184): CodeIgniter\View\View->render('group/index', [], true)
 5 APPPATH\Controllers\Groups.php(16): view('group/index')
 6 SYSTEMPATH\CodeIgniter.php(934): App\Controllers\Groups->index()
 7 SYSTEMPATH\CodeIgniter.php(499): CodeIgniter\CodeIgniter->runController(Object(App\Controllers\Groups))
 8 SYSTEMPATH\CodeIgniter.php(368): CodeIgniter\CodeIgniter->handleRequest(null, Object(Config\Cache), false)
 9 FCPATH\index.php(67): CodeIgniter\CodeIgniter->run()
10 SYSTEMPATH\Commands\Server\rewrite.php(47): require_once('FCPATH\\index.php')
CRITICAL - 2023-03-14 14:32:59 --> Invalid argument supplied for foreach()
in APPPATH\Views\group\index.php on line 81.
 1 APPPATH\Views\group\index.php(81): CodeIgniter\Debug\Exceptions->errorHandler(2, 'Invalid argument supplied for foreach()', 'APPPATH\\Views\\group\\index.php', 81, [...])
 2 SYSTEMPATH\View\View.php(213): include('APPPATH\\Views\\group\\index.php')
 3 SYSTEMPATH\View\View.php(216): CodeIgniter\View\View->CodeIgniter\View\{closure}()
 4 SYSTEMPATH\Common.php(1184): CodeIgniter\View\View->render('group/index', [], true)
 5 APPPATH\Controllers\Groups.php(16): view('group/index')
 6 SYSTEMPATH\CodeIgniter.php(934): App\Controllers\Groups->index()
 7 SYSTEMPATH\CodeIgniter.php(499): CodeIgniter\CodeIgniter->runController(Object(App\Controllers\Groups))
 8 SYSTEMPATH\CodeIgniter.php(368): CodeIgniter\CodeIgniter->handleRequest(null, Object(Config\Cache), false)
 9 FCPATH\index.php(67): CodeIgniter\CodeIgniter->run()
10 SYSTEMPATH\Commands\Server\rewrite.php(47): require_once('FCPATH\\index.php')
CRITICAL - 2023-03-14 14:33:03 --> Invalid argument supplied for foreach()
in APPPATH\Views\group\index.php on line 81.
 1 APPPATH\Views\group\index.php(81): CodeIgniter\Debug\Exceptions->errorHandler(2, 'Invalid argument supplied for foreach()', 'APPPATH\\Views\\group\\index.php', 81, [...])
 2 SYSTEMPATH\View\View.php(213): include('APPPATH\\Views\\group\\index.php')
 3 SYSTEMPATH\View\View.php(216): CodeIgniter\View\View->CodeIgniter\View\{closure}()
 4 SYSTEMPATH\Common.php(1184): CodeIgniter\View\View->render('group/index', [], true)
 5 APPPATH\Controllers\Groups.php(16): view('group/index')
 6 SYSTEMPATH\CodeIgniter.php(934): App\Controllers\Groups->index()
 7 SYSTEMPATH\CodeIgniter.php(499): CodeIgniter\CodeIgniter->runController(Object(App\Controllers\Groups))
 8 SYSTEMPATH\CodeIgniter.php(368): CodeIgniter\CodeIgniter->handleRequest(null, Object(Config\Cache), false)
 9 FCPATH\index.php(67): CodeIgniter\CodeIgniter->run()
10 SYSTEMPATH\Commands\Server\rewrite.php(47): require_once('FCPATH\\index.php')
CRITICAL - 2023-03-14 14:33:27 --> Invalid argument supplied for foreach()
in APPPATH\Views\group\index.php on line 81.
 1 APPPATH\Views\group\index.php(81): CodeIgniter\Debug\Exceptions->errorHandler(2, 'Invalid argument supplied for foreach()', 'APPPATH\\Views\\group\\index.php', 81, [...])
 2 SYSTEMPATH\View\View.php(213): include('APPPATH\\Views\\group\\index.php')
 3 SYSTEMPATH\View\View.php(216): CodeIgniter\View\View->CodeIgniter\View\{closure}()
 4 SYSTEMPATH\Common.php(1184): CodeIgniter\View\View->render('group/index', [], true)
 5 APPPATH\Controllers\Groups.php(16): view('group/index')
 6 SYSTEMPATH\CodeIgniter.php(934): App\Controllers\Groups->index()
 7 SYSTEMPATH\CodeIgniter.php(499): CodeIgniter\CodeIgniter->runController(Object(App\Controllers\Groups))
 8 SYSTEMPATH\CodeIgniter.php(368): CodeIgniter\CodeIgniter->handleRequest(null, Object(Config\Cache), false)
 9 FCPATH\index.php(67): CodeIgniter\CodeIgniter->run()
10 SYSTEMPATH\Commands\Server\rewrite.php(47): require_once('FCPATH\\index.php')
CRITICAL - 2023-03-14 14:34:01 --> Invalid argument supplied for foreach()
in APPPATH\Views\group\index.php on line 81.
 1 APPPATH\Views\group\index.php(81): CodeIgniter\Debug\Exceptions->errorHandler(2, 'Invalid argument supplied for foreach()', 'APPPATH\\Views\\group\\index.php', 81, [...])
 2 SYSTEMPATH\View\View.php(213): include('APPPATH\\Views\\group\\index.php')
 3 SYSTEMPATH\View\View.php(216): CodeIgniter\View\View->CodeIgniter\View\{closure}()
 4 SYSTEMPATH\Common.php(1184): CodeIgniter\View\View->render('group/index', [], true)
 5 APPPATH\Controllers\Groups.php(16): view('group/index')
 6 SYSTEMPATH\CodeIgniter.php(934): App\Controllers\Groups->index()
 7 SYSTEMPATH\CodeIgniter.php(499): CodeIgniter\CodeIgniter->runController(Object(App\Controllers\Groups))
 8 SYSTEMPATH\CodeIgniter.php(368): CodeIgniter\CodeIgniter->handleRequest(null, Object(Config\Cache), false)
 9 FCPATH\index.php(67): CodeIgniter\CodeIgniter->run()
10 SYSTEMPATH\Commands\Server\rewrite.php(47): require_once('FCPATH\\index.php')
CRITICAL - 2023-03-14 14:36:11 --> Invalid argument supplied for foreach()
in APPPATH\Views\group\index.php on line 80.
 1 APPPATH\Views\group\index.php(80): CodeIgniter\Debug\Exceptions->errorHandler(2, 'Invalid argument supplied for foreach()', 'APPPATH\\Views\\group\\index.php', 80, [...])
 2 SYSTEMPATH\View\View.php(213): include('APPPATH\\Views\\group\\index.php')
 3 SYSTEMPATH\View\View.php(216): CodeIgniter\View\View->CodeIgniter\View\{closure}()
 4 SYSTEMPATH\Common.php(1184): CodeIgniter\View\View->render('group/index', [], true)
 5 APPPATH\Controllers\Groups.php(16): view('group/index')
 6 SYSTEMPATH\CodeIgniter.php(934): App\Controllers\Groups->index()
 7 SYSTEMPATH\CodeIgniter.php(499): CodeIgniter\CodeIgniter->runController(Object(App\Controllers\Groups))
 8 SYSTEMPATH\CodeIgniter.php(368): CodeIgniter\CodeIgniter->handleRequest(null, Object(Config\Cache), false)
 9 FCPATH\index.php(67): CodeIgniter\CodeIgniter->run()
10 SYSTEMPATH\Commands\Server\rewrite.php(47): require_once('FCPATH\\index.php')
CRITICAL - 2023-03-14 14:37:18 --> Invalid argument supplied for foreach()
in APPPATH\Views\group\index.php on line 80.
 1 APPPATH\Views\group\index.php(80): CodeIgniter\Debug\Exceptions->errorHandler(2, 'Invalid argument supplied for foreach()', 'APPPATH\\Views\\group\\index.php', 80, [...])
 2 SYSTEMPATH\View\View.php(213): include('APPPATH\\Views\\group\\index.php')
 3 SYSTEMPATH\View\View.php(216): CodeIgniter\View\View->CodeIgniter\View\{closure}()
 4 SYSTEMPATH\Common.php(1184): CodeIgniter\View\View->render('group/index', [], true)
 5 APPPATH\Controllers\Groups.php(16): view('group/index')
 6 SYSTEMPATH\CodeIgniter.php(934): App\Controllers\Groups->index()
 7 SYSTEMPATH\CodeIgniter.php(499): CodeIgniter\CodeIgniter->runController(Object(App\Controllers\Groups))
 8 SYSTEMPATH\CodeIgniter.php(368): CodeIgniter\CodeIgniter->handleRequest(null, Object(Config\Cache), false)
 9 FCPATH\index.php(67): CodeIgniter\CodeIgniter->run()
10 SYSTEMPATH\Commands\Server\rewrite.php(47): require_once('FCPATH\\index.php')
CRITICAL - 2023-03-14 14:37:19 --> Invalid argument supplied for foreach()
in APPPATH\Views\group\index.php on line 80.
 1 APPPATH\Views\group\index.php(80): CodeIgniter\Debug\Exceptions->errorHandler(2, 'Invalid argument supplied for foreach()', 'APPPATH\\Views\\group\\index.php', 80, [...])
 2 SYSTEMPATH\View\View.php(213): include('APPPATH\\Views\\group\\index.php')
 3 SYSTEMPATH\View\View.php(216): CodeIgniter\View\View->CodeIgniter\View\{closure}()
 4 SYSTEMPATH\Common.php(1184): CodeIgniter\View\View->render('group/index', [], true)
 5 APPPATH\Controllers\Groups.php(16): view('group/index')
 6 SYSTEMPATH\CodeIgniter.php(934): App\Controllers\Groups->index()
 7 SYSTEMPATH\CodeIgniter.php(499): CodeIgniter\CodeIgniter->runController(Object(App\Controllers\Groups))
 8 SYSTEMPATH\CodeIgniter.php(368): CodeIgniter\CodeIgniter->handleRequest(null, Object(Config\Cache), false)
 9 FCPATH\index.php(67): CodeIgniter\CodeIgniter->run()
10 SYSTEMPATH\Commands\Server\rewrite.php(47): require_once('FCPATH\\index.php')
CRITICAL - 2023-03-14 14:37:19 --> Invalid argument supplied for foreach()
in APPPATH\Views\group\index.php on line 80.
 1 APPPATH\Views\group\index.php(80): CodeIgniter\Debug\Exceptions->errorHandler(2, 'Invalid argument supplied for foreach()', 'APPPATH\\Views\\group\\index.php', 80, [...])
 2 SYSTEMPATH\View\View.php(213): include('APPPATH\\Views\\group\\index.php')
 3 SYSTEMPATH\View\View.php(216): CodeIgniter\View\View->CodeIgniter\View\{closure}()
 4 SYSTEMPATH\Common.php(1184): CodeIgniter\View\View->render('group/index', [], true)
 5 APPPATH\Controllers\Groups.php(16): view('group/index')
 6 SYSTEMPATH\CodeIgniter.php(934): App\Controllers\Groups->index()
 7 SYSTEMPATH\CodeIgniter.php(499): CodeIgniter\CodeIgniter->runController(Object(App\Controllers\Groups))
 8 SYSTEMPATH\CodeIgniter.php(368): CodeIgniter\CodeIgniter->handleRequest(null, Object(Config\Cache), false)
 9 FCPATH\index.php(67): CodeIgniter\CodeIgniter->run()
10 SYSTEMPATH\Commands\Server\rewrite.php(47): require_once('FCPATH\\index.php')
CRITICAL - 2023-03-14 14:37:19 --> Invalid argument supplied for foreach()
in APPPATH\Views\group\index.php on line 80.
 1 APPPATH\Views\group\index.php(80): CodeIgniter\Debug\Exceptions->errorHandler(2, 'Invalid argument supplied for foreach()', 'APPPATH\\Views\\group\\index.php', 80, [...])
 2 SYSTEMPATH\View\View.php(213): include('APPPATH\\Views\\group\\index.php')
 3 SYSTEMPATH\View\View.php(216): CodeIgniter\View\View->CodeIgniter\View\{closure}()
 4 SYSTEMPATH\Common.php(1184): CodeIgniter\View\View->render('group/index', [], true)
 5 APPPATH\Controllers\Groups.php(16): view('group/index')
 6 SYSTEMPATH\CodeIgniter.php(934): App\Controllers\Groups->index()
 7 SYSTEMPATH\CodeIgniter.php(499): CodeIgniter\CodeIgniter->runController(Object(App\Controllers\Groups))
 8 SYSTEMPATH\CodeIgniter.php(368): CodeIgniter\CodeIgniter->handleRequest(null, Object(Config\Cache), false)
 9 FCPATH\index.php(67): CodeIgniter\CodeIgniter->run()
10 SYSTEMPATH\Commands\Server\rewrite.php(47): require_once('FCPATH\\index.php')
CRITICAL - 2023-03-14 14:37:19 --> Invalid argument supplied for foreach()
in APPPATH\Views\group\index.php on line 80.
 1 APPPATH\Views\group\index.php(80): CodeIgniter\Debug\Exceptions->errorHandler(2, 'Invalid argument supplied for foreach()', 'APPPATH\\Views\\group\\index.php', 80, [...])
 2 SYSTEMPATH\View\View.php(213): include('APPPATH\\Views\\group\\index.php')
 3 SYSTEMPATH\View\View.php(216): CodeIgniter\View\View->CodeIgniter\View\{closure}()
 4 SYSTEMPATH\Common.php(1184): CodeIgniter\View\View->render('group/index', [], true)
 5 APPPATH\Controllers\Groups.php(16): view('group/index')
 6 SYSTEMPATH\CodeIgniter.php(934): App\Controllers\Groups->index()
 7 SYSTEMPATH\CodeIgniter.php(499): CodeIgniter\CodeIgniter->runController(Object(App\Controllers\Groups))
 8 SYSTEMPATH\CodeIgniter.php(368): CodeIgniter\CodeIgniter->handleRequest(null, Object(Config\Cache), false)
 9 FCPATH\index.php(67): CodeIgniter\CodeIgniter->run()
10 SYSTEMPATH\Commands\Server\rewrite.php(47): require_once('FCPATH\\index.php')
CRITICAL - 2023-03-14 14:37:52 --> Invalid argument supplied for foreach()
in APPPATH\Views\group\index.php on line 80.
 1 APPPATH\Views\group\index.php(80): CodeIgniter\Debug\Exceptions->errorHandler(2, 'Invalid argument supplied for foreach()', 'APPPATH\\Views\\group\\index.php', 80, [...])
 2 SYSTEMPATH\View\View.php(213): include('APPPATH\\Views\\group\\index.php')
 3 SYSTEMPATH\View\View.php(216): CodeIgniter\View\View->CodeIgniter\View\{closure}()
 4 SYSTEMPATH\Common.php(1184): CodeIgniter\View\View->render('group/index', [], true)
 5 APPPATH\Controllers\Groups.php(16): view('group/index')
 6 SYSTEMPATH\CodeIgniter.php(934): App\Controllers\Groups->index()
 7 SYSTEMPATH\CodeIgniter.php(499): CodeIgniter\CodeIgniter->runController(Object(App\Controllers\Groups))
 8 SYSTEMPATH\CodeIgniter.php(368): CodeIgniter\CodeIgniter->handleRequest(null, Object(Config\Cache), false)
 9 FCPATH\index.php(67): CodeIgniter\CodeIgniter->run()
10 SYSTEMPATH\Commands\Server\rewrite.php(47): require_once('FCPATH\\index.php')
CRITICAL - 2023-03-14 14:37:53 --> Invalid argument supplied for foreach()
in APPPATH\Views\group\index.php on line 80.
 1 APPPATH\Views\group\index.php(80): CodeIgniter\Debug\Exceptions->errorHandler(2, 'Invalid argument supplied for foreach()', 'APPPATH\\Views\\group\\index.php', 80, [...])
 2 SYSTEMPATH\View\View.php(213): include('APPPATH\\Views\\group\\index.php')
 3 SYSTEMPATH\View\View.php(216): CodeIgniter\View\View->CodeIgniter\View\{closure}()
 4 SYSTEMPATH\Common.php(1184): CodeIgniter\View\View->render('group/index', [], true)
 5 APPPATH\Controllers\Groups.php(16): view('group/index')
 6 SYSTEMPATH\CodeIgniter.php(934): App\Controllers\Groups->index()
 7 SYSTEMPATH\CodeIgniter.php(499): CodeIgniter\CodeIgniter->runController(Object(App\Controllers\Groups))
 8 SYSTEMPATH\CodeIgniter.php(368): CodeIgniter\CodeIgniter->handleRequest(null, Object(Config\Cache), false)
 9 FCPATH\index.php(67): CodeIgniter\CodeIgniter->run()
10 SYSTEMPATH\Commands\Server\rewrite.php(47): require_once('FCPATH\\index.php')
CRITICAL - 2023-03-14 14:38:15 --> Invalid argument supplied for foreach()
in APPPATH\Views\group\index.php on line 80.
 1 APPPATH\Views\group\index.php(80): CodeIgniter\Debug\Exceptions->errorHandler(2, 'Invalid argument supplied for foreach()', 'APPPATH\\Views\\group\\index.php', 80, [...])
 2 SYSTEMPATH\View\View.php(213): include('APPPATH\\Views\\group\\index.php')
 3 SYSTEMPATH\View\View.php(216): CodeIgniter\View\View->CodeIgniter\View\{closure}()
 4 SYSTEMPATH\Common.php(1184): CodeIgniter\View\View->render('group/index', [], true)
 5 APPPATH\Controllers\Groups.php(16): view('group/index')
 6 SYSTEMPATH\CodeIgniter.php(934): App\Controllers\Groups->index()
 7 SYSTEMPATH\CodeIgniter.php(499): CodeIgniter\CodeIgniter->runController(Object(App\Controllers\Groups))
 8 SYSTEMPATH\CodeIgniter.php(368): CodeIgniter\CodeIgniter->handleRequest(null, Object(Config\Cache), false)
 9 FCPATH\index.php(67): CodeIgniter\CodeIgniter->run()
10 SYSTEMPATH\Commands\Server\rewrite.php(47): require_once('FCPATH\\index.php')
CRITICAL - 2023-03-14 14:39:59 --> Invalid argument supplied for foreach()
in APPPATH\Views\group\index.php on line 80.
 1 APPPATH\Views\group\index.php(80): CodeIgniter\Debug\Exceptions->errorHandler(2, 'Invalid argument supplied for foreach()', 'APPPATH\\Views\\group\\index.php', 80, [...])
 2 SYSTEMPATH\View\View.php(213): include('APPPATH\\Views\\group\\index.php')
 3 SYSTEMPATH\View\View.php(216): CodeIgniter\View\View->CodeIgniter\View\{closure}()
 4 SYSTEMPATH\Common.php(1184): CodeIgniter\View\View->render('group/index', [], true)
 5 APPPATH\Controllers\Groups.php(16): view('group/index')
 6 SYSTEMPATH\CodeIgniter.php(934): App\Controllers\Groups->index()
 7 SYSTEMPATH\CodeIgniter.php(499): CodeIgniter\CodeIgniter->runController(Object(App\Controllers\Groups))
 8 SYSTEMPATH\CodeIgniter.php(368): CodeIgniter\CodeIgniter->handleRequest(null, Object(Config\Cache), false)
 9 FCPATH\index.php(67): CodeIgniter\CodeIgniter->run()
10 SYSTEMPATH\Commands\Server\rewrite.php(47): require_once('FCPATH\\index.php')
CRITICAL - 2023-03-14 14:39:59 --> Invalid argument supplied for foreach()
in APPPATH\Views\group\index.php on line 80.
 1 APPPATH\Views\group\index.php(80): CodeIgniter\Debug\Exceptions->errorHandler(2, 'Invalid argument supplied for foreach()', 'APPPATH\\Views\\group\\index.php', 80, [...])
 2 SYSTEMPATH\View\View.php(213): include('APPPATH\\Views\\group\\index.php')
 3 SYSTEMPATH\View\View.php(216): CodeIgniter\View\View->CodeIgniter\View\{closure}()
 4 SYSTEMPATH\Common.php(1184): CodeIgniter\View\View->render('group/index', [], true)
 5 APPPATH\Controllers\Groups.php(16): view('group/index')
 6 SYSTEMPATH\CodeIgniter.php(934): App\Controllers\Groups->index()
 7 SYSTEMPATH\CodeIgniter.php(499): CodeIgniter\CodeIgniter->runController(Object(App\Controllers\Groups))
 8 SYSTEMPATH\CodeIgniter.php(368): CodeIgniter\CodeIgniter->handleRequest(null, Object(Config\Cache), false)
 9 FCPATH\index.php(67): CodeIgniter\CodeIgniter->run()
10 SYSTEMPATH\Commands\Server\rewrite.php(47): require_once('FCPATH\\index.php')
CRITICAL - 2023-03-14 14:40:04 --> Invalid argument supplied for foreach()
in APPPATH\Views\group\index.php on line 80.
 1 APPPATH\Views\group\index.php(80): CodeIgniter\Debug\Exceptions->errorHandler(2, 'Invalid argument supplied for foreach()', 'APPPATH\\Views\\group\\index.php', 80, [...])
 2 SYSTEMPATH\View\View.php(213): include('APPPATH\\Views\\group\\index.php')
 3 SYSTEMPATH\View\View.php(216): CodeIgniter\View\View->CodeIgniter\View\{closure}()
 4 SYSTEMPATH\Common.php(1184): CodeIgniter\View\View->render('group/index', [], true)
 5 APPPATH\Controllers\Groups.php(16): view('group/index')
 6 SYSTEMPATH\CodeIgniter.php(934): App\Controllers\Groups->index()
 7 SYSTEMPATH\CodeIgniter.php(499): CodeIgniter\CodeIgniter->runController(Object(App\Controllers\Groups))
 8 SYSTEMPATH\CodeIgniter.php(368): CodeIgniter\CodeIgniter->handleRequest(null, Object(Config\Cache), false)
 9 FCPATH\index.php(67): CodeIgniter\CodeIgniter->run()
10 SYSTEMPATH\Commands\Server\rewrite.php(47): require_once('FCPATH\\index.php')
CRITICAL - 2023-03-14 14:40:08 --> Invalid argument supplied for foreach()
in APPPATH\Views\group\index.php on line 80.
 1 APPPATH\Views\group\index.php(80): CodeIgniter\Debug\Exceptions->errorHandler(2, 'Invalid argument supplied for foreach()', 'APPPATH\\Views\\group\\index.php', 80, [...])
 2 SYSTEMPATH\View\View.php(213): include('APPPATH\\Views\\group\\index.php')
 3 SYSTEMPATH\View\View.php(216): CodeIgniter\View\View->CodeIgniter\View\{closure}()
 4 SYSTEMPATH\Common.php(1184): CodeIgniter\View\View->render('group/index', [], true)
 5 APPPATH\Controllers\Groups.php(16): view('group/index')
 6 SYSTEMPATH\CodeIgniter.php(934): App\Controllers\Groups->index()
 7 SYSTEMPATH\CodeIgniter.php(499): CodeIgniter\CodeIgniter->runController(Object(App\Controllers\Groups))
 8 SYSTEMPATH\CodeIgniter.php(368): CodeIgniter\CodeIgniter->handleRequest(null, Object(Config\Cache), false)
 9 FCPATH\index.php(67): CodeIgniter\CodeIgniter->run()
10 SYSTEMPATH\Commands\Server\rewrite.php(47): require_once('FCPATH\\index.php')
CRITICAL - 2023-03-14 14:41:11 --> Invalid argument supplied for foreach()
in APPPATH\Views\group\index.php on line 80.
 1 APPPATH\Views\group\index.php(80): CodeIgniter\Debug\Exceptions->errorHandler(2, 'Invalid argument supplied for foreach()', 'APPPATH\\Views\\group\\index.php', 80, [...])
 2 SYSTEMPATH\View\View.php(213): include('APPPATH\\Views\\group\\index.php')
 3 SYSTEMPATH\View\View.php(216): CodeIgniter\View\View->CodeIgniter\View\{closure}()
 4 SYSTEMPATH\Common.php(1184): CodeIgniter\View\View->render('group/index', [], true)
 5 APPPATH\Controllers\Groups.php(16): view('group/index')
 6 SYSTEMPATH\CodeIgniter.php(934): App\Controllers\Groups->index()
 7 SYSTEMPATH\CodeIgniter.php(499): CodeIgniter\CodeIgniter->runController(Object(App\Controllers\Groups))
 8 SYSTEMPATH\CodeIgniter.php(368): CodeIgniter\CodeIgniter->handleRequest(null, Object(Config\Cache), false)
 9 FCPATH\index.php(67): CodeIgniter\CodeIgniter->run()
10 SYSTEMPATH\Commands\Server\rewrite.php(47): require_once('FCPATH\\index.php')
CRITICAL - 2023-03-14 14:41:18 --> Invalid argument supplied for foreach()
in APPPATH\Views\group\index.php on line 80.
 1 APPPATH\Views\group\index.php(80): CodeIgniter\Debug\Exceptions->errorHandler(2, 'Invalid argument supplied for foreach()', 'APPPATH\\Views\\group\\index.php', 80, [...])
 2 SYSTEMPATH\View\View.php(213): include('APPPATH\\Views\\group\\index.php')
 3 SYSTEMPATH\View\View.php(216): CodeIgniter\View\View->CodeIgniter\View\{closure}()
 4 SYSTEMPATH\Common.php(1184): CodeIgniter\View\View->render('group/index', [], true)
 5 APPPATH\Controllers\Groups.php(16): view('group/index')
 6 SYSTEMPATH\CodeIgniter.php(934): App\Controllers\Groups->index()
 7 SYSTEMPATH\CodeIgniter.php(499): CodeIgniter\CodeIgniter->runController(Object(App\Controllers\Groups))
 8 SYSTEMPATH\CodeIgniter.php(368): CodeIgniter\CodeIgniter->handleRequest(null, Object(Config\Cache), false)
 9 FCPATH\index.php(67): CodeIgniter\CodeIgniter->run()
10 SYSTEMPATH\Commands\Server\rewrite.php(47): require_once('FCPATH\\index.php')
CRITICAL - 2023-03-14 14:42:04 --> Invalid argument supplied for foreach()
in APPPATH\Views\group\index.php on line 80.
 1 APPPATH\Views\group\index.php(80): CodeIgniter\Debug\Exceptions->errorHandler(2, 'Invalid argument supplied for foreach()', 'APPPATH\\Views\\group\\index.php', 80, [...])
 2 SYSTEMPATH\View\View.php(213): include('APPPATH\\Views\\group\\index.php')
 3 SYSTEMPATH\View\View.php(216): CodeIgniter\View\View->CodeIgniter\View\{closure}()
 4 SYSTEMPATH\Common.php(1184): CodeIgniter\View\View->render('group/index', [], true)
 5 APPPATH\Controllers\Groups.php(20): view('group/index')
 6 SYSTEMPATH\CodeIgniter.php(934): App\Controllers\Groups->index()
 7 SYSTEMPATH\CodeIgniter.php(499): CodeIgniter\CodeIgniter->runController(Object(App\Controllers\Groups))
 8 SYSTEMPATH\CodeIgniter.php(368): CodeIgniter\CodeIgniter->handleRequest(null, Object(Config\Cache), false)
 9 FCPATH\index.php(67): CodeIgniter\CodeIgniter->run()
10 SYSTEMPATH\Commands\Server\rewrite.php(47): require_once('FCPATH\\index.php')
CRITICAL - 2023-03-14 14:42:04 --> Invalid argument supplied for foreach()
in APPPATH\Views\group\index.php on line 80.
 1 APPPATH\Views\group\index.php(80): CodeIgniter\Debug\Exceptions->errorHandler(2, 'Invalid argument supplied for foreach()', 'APPPATH\\Views\\group\\index.php', 80, [...])
 2 SYSTEMPATH\View\View.php(213): include('APPPATH\\Views\\group\\index.php')
 3 SYSTEMPATH\View\View.php(216): CodeIgniter\View\View->CodeIgniter\View\{closure}()
 4 SYSTEMPATH\Common.php(1184): CodeIgniter\View\View->render('group/index', [], true)
 5 APPPATH\Controllers\Groups.php(20): view('group/index')
 6 SYSTEMPATH\CodeIgniter.php(934): App\Controllers\Groups->index()
 7 SYSTEMPATH\CodeIgniter.php(499): CodeIgniter\CodeIgniter->runController(Object(App\Controllers\Groups))
 8 SYSTEMPATH\CodeIgniter.php(368): CodeIgniter\CodeIgniter->handleRequest(null, Object(Config\Cache), false)
 9 FCPATH\index.php(67): CodeIgniter\CodeIgniter->run()
10 SYSTEMPATH\Commands\Server\rewrite.php(47): require_once('FCPATH\\index.php')
CRITICAL - 2023-03-14 14:42:05 --> Invalid argument supplied for foreach()
in APPPATH\Views\group\index.php on line 80.
 1 APPPATH\Views\group\index.php(80): CodeIgniter\Debug\Exceptions->errorHandler(2, 'Invalid argument supplied for foreach()', 'APPPATH\\Views\\group\\index.php', 80, [...])
 2 SYSTEMPATH\View\View.php(213): include('APPPATH\\Views\\group\\index.php')
 3 SYSTEMPATH\View\View.php(216): CodeIgniter\View\View->CodeIgniter\View\{closure}()
 4 SYSTEMPATH\Common.php(1184): CodeIgniter\View\View->render('group/index', [], true)
 5 APPPATH\Controllers\Groups.php(20): view('group/index')
 6 SYSTEMPATH\CodeIgniter.php(934): App\Controllers\Groups->index()
 7 SYSTEMPATH\CodeIgniter.php(499): CodeIgniter\CodeIgniter->runController(Object(App\Controllers\Groups))
 8 SYSTEMPATH\CodeIgniter.php(368): CodeIgniter\CodeIgniter->handleRequest(null, Object(Config\Cache), false)
 9 FCPATH\index.php(67): CodeIgniter\CodeIgniter->run()
10 SYSTEMPATH\Commands\Server\rewrite.php(47): require_once('FCPATH\\index.php')
CRITICAL - 2023-03-14 14:42:05 --> Invalid argument supplied for foreach()
in APPPATH\Views\group\index.php on line 80.
 1 APPPATH\Views\group\index.php(80): CodeIgniter\Debug\Exceptions->errorHandler(2, 'Invalid argument supplied for foreach()', 'APPPATH\\Views\\group\\index.php', 80, [...])
 2 SYSTEMPATH\View\View.php(213): include('APPPATH\\Views\\group\\index.php')
 3 SYSTEMPATH\View\View.php(216): CodeIgniter\View\View->CodeIgniter\View\{closure}()
 4 SYSTEMPATH\Common.php(1184): CodeIgniter\View\View->render('group/index', [], true)
 5 APPPATH\Controllers\Groups.php(20): view('group/index')
 6 SYSTEMPATH\CodeIgniter.php(934): App\Controllers\Groups->index()
 7 SYSTEMPATH\CodeIgniter.php(499): CodeIgniter\CodeIgniter->runController(Object(App\Controllers\Groups))
 8 SYSTEMPATH\CodeIgniter.php(368): CodeIgniter\CodeIgniter->handleRequest(null, Object(Config\Cache), false)
 9 FCPATH\index.php(67): CodeIgniter\CodeIgniter->run()
10 SYSTEMPATH\Commands\Server\rewrite.php(47): require_once('FCPATH\\index.php')
CRITICAL - 2023-03-14 14:42:05 --> Invalid argument supplied for foreach()
in APPPATH\Views\group\index.php on line 80.
 1 APPPATH\Views\group\index.php(80): CodeIgniter\Debug\Exceptions->errorHandler(2, 'Invalid argument supplied for foreach()', 'APPPATH\\Views\\group\\index.php', 80, [...])
 2 SYSTEMPATH\View\View.php(213): include('APPPATH\\Views\\group\\index.php')
 3 SYSTEMPATH\View\View.php(216): CodeIgniter\View\View->CodeIgniter\View\{closure}()
 4 SYSTEMPATH\Common.php(1184): CodeIgniter\View\View->render('group/index', [], true)
 5 APPPATH\Controllers\Groups.php(20): view('group/index')
 6 SYSTEMPATH\CodeIgniter.php(934): App\Controllers\Groups->index()
 7 SYSTEMPATH\CodeIgniter.php(499): CodeIgniter\CodeIgniter->runController(Object(App\Controllers\Groups))
 8 SYSTEMPATH\CodeIgniter.php(368): CodeIgniter\CodeIgniter->handleRequest(null, Object(Config\Cache), false)
 9 FCPATH\index.php(67): CodeIgniter\CodeIgniter->run()
10 SYSTEMPATH\Commands\Server\rewrite.php(47): require_once('FCPATH\\index.php')
CRITICAL - 2023-03-14 14:43:53 --> Invalid argument supplied for foreach()
in APPPATH\Views\group\index.php on line 80.
 1 APPPATH\Views\group\index.php(80): CodeIgniter\Debug\Exceptions->errorHandler(2, 'Invalid argument supplied for foreach()', 'APPPATH\\Views\\group\\index.php', 80, [...])
 2 SYSTEMPATH\View\View.php(213): include('APPPATH\\Views\\group\\index.php')
 3 SYSTEMPATH\View\View.php(216): CodeIgniter\View\View->CodeIgniter\View\{closure}()
 4 SYSTEMPATH\Common.php(1184): CodeIgniter\View\View->render('group/index', [], true)
 5 APPPATH\Controllers\Groups.php(20): view('group/index')
 6 SYSTEMPATH\CodeIgniter.php(934): App\Controllers\Groups->index()
 7 SYSTEMPATH\CodeIgniter.php(499): CodeIgniter\CodeIgniter->runController(Object(App\Controllers\Groups))
 8 SYSTEMPATH\CodeIgniter.php(368): CodeIgniter\CodeIgniter->handleRequest(null, Object(Config\Cache), false)
 9 FCPATH\index.php(67): CodeIgniter\CodeIgniter->run()
10 SYSTEMPATH\Commands\Server\rewrite.php(47): require_once('FCPATH\\index.php')
CRITICAL - 2023-03-14 14:43:55 --> Invalid argument supplied for foreach()
in APPPATH\Views\group\index.php on line 80.
 1 APPPATH\Views\group\index.php(80): CodeIgniter\Debug\Exceptions->errorHandler(2, 'Invalid argument supplied for foreach()', 'APPPATH\\Views\\group\\index.php', 80, [...])
 2 SYSTEMPATH\View\View.php(213): include('APPPATH\\Views\\group\\index.php')
 3 SYSTEMPATH\View\View.php(216): CodeIgniter\View\View->CodeIgniter\View\{closure}()
 4 SYSTEMPATH\Common.php(1184): CodeIgniter\View\View->render('group/index', [], true)
 5 APPPATH\Controllers\Groups.php(20): view('group/index')
 6 SYSTEMPATH\CodeIgniter.php(934): App\Controllers\Groups->index()
 7 SYSTEMPATH\CodeIgniter.php(499): CodeIgniter\CodeIgniter->runController(Object(App\Controllers\Groups))
 8 SYSTEMPATH\CodeIgniter.php(368): CodeIgniter\CodeIgniter->handleRequest(null, Object(Config\Cache), false)
 9 FCPATH\index.php(67): CodeIgniter\CodeIgniter->run()
10 SYSTEMPATH\Commands\Server\rewrite.php(47): require_once('FCPATH\\index.php')
CRITICAL - 2023-03-14 14:43:56 --> Invalid argument supplied for foreach()
in APPPATH\Views\group\index.php on line 80.
 1 APPPATH\Views\group\index.php(80): CodeIgniter\Debug\Exceptions->errorHandler(2, 'Invalid argument supplied for foreach()', 'APPPATH\\Views\\group\\index.php', 80, [...])
 2 SYSTEMPATH\View\View.php(213): include('APPPATH\\Views\\group\\index.php')
 3 SYSTEMPATH\View\View.php(216): CodeIgniter\View\View->CodeIgniter\View\{closure}()
 4 SYSTEMPATH\Common.php(1184): CodeIgniter\View\View->render('group/index', [], true)
 5 APPPATH\Controllers\Groups.php(20): view('group/index')
 6 SYSTEMPATH\CodeIgniter.php(934): App\Controllers\Groups->index()
 7 SYSTEMPATH\CodeIgniter.php(499): CodeIgniter\CodeIgniter->runController(Object(App\Controllers\Groups))
 8 SYSTEMPATH\CodeIgniter.php(368): CodeIgniter\CodeIgniter->handleRequest(null, Object(Config\Cache), false)
 9 FCPATH\index.php(67): CodeIgniter\CodeIgniter->run()
10 SYSTEMPATH\Commands\Server\rewrite.php(47): require_once('FCPATH\\index.php')
CRITICAL - 2023-03-14 14:45:37 --> Invalid argument supplied for foreach()
in APPPATH\Views\group\index.php on line 80.
 1 APPPATH\Views\group\index.php(80): CodeIgniter\Debug\Exceptions->errorHandler(2, 'Invalid argument supplied for foreach()', 'APPPATH\\Views\\group\\index.php', 80, [...])
 2 SYSTEMPATH\View\View.php(213): include('APPPATH\\Views\\group\\index.php')
 3 SYSTEMPATH\View\View.php(216): CodeIgniter\View\View->CodeIgniter\View\{closure}()
 4 SYSTEMPATH\Common.php(1184): CodeIgniter\View\View->render('group/index', [], true)
 5 APPPATH\Controllers\Groups.php(20): view('group/index')
 6 SYSTEMPATH\CodeIgniter.php(934): App\Controllers\Groups->index()
 7 SYSTEMPATH\CodeIgniter.php(499): CodeIgniter\CodeIgniter->runController(Object(App\Controllers\Groups))
 8 SYSTEMPATH\CodeIgniter.php(368): CodeIgniter\CodeIgniter->handleRequest(null, Object(Config\Cache), false)
 9 FCPATH\index.php(67): CodeIgniter\CodeIgniter->run()
10 SYSTEMPATH\Commands\Server\rewrite.php(47): require_once('FCPATH\\index.php')
CRITICAL - 2023-03-14 14:45:38 --> Invalid argument supplied for foreach()
in APPPATH\Views\group\index.php on line 80.
 1 APPPATH\Views\group\index.php(80): CodeIgniter\Debug\Exceptions->errorHandler(2, 'Invalid argument supplied for foreach()', 'APPPATH\\Views\\group\\index.php', 80, [...])
 2 SYSTEMPATH\View\View.php(213): include('APPPATH\\Views\\group\\index.php')
 3 SYSTEMPATH\View\View.php(216): CodeIgniter\View\View->CodeIgniter\View\{closure}()
 4 SYSTEMPATH\Common.php(1184): CodeIgniter\View\View->render('group/index', [], true)
 5 APPPATH\Controllers\Groups.php(20): view('group/index')
 6 SYSTEMPATH\CodeIgniter.php(934): App\Controllers\Groups->index()
 7 SYSTEMPATH\CodeIgniter.php(499): CodeIgniter\CodeIgniter->runController(Object(App\Controllers\Groups))
 8 SYSTEMPATH\CodeIgniter.php(368): CodeIgniter\CodeIgniter->handleRequest(null, Object(Config\Cache), false)
 9 FCPATH\index.php(67): CodeIgniter\CodeIgniter->run()
10 SYSTEMPATH\Commands\Server\rewrite.php(47): require_once('FCPATH\\index.php')
CRITICAL - 2023-03-14 14:47:01 --> syntax error, unexpected '?>'
in APPPATH\Views\group\index.php on line 82.
 1 SYSTEMPATH\View\View.php(216): CodeIgniter\View\View->CodeIgniter\View\{closure}()
 2 SYSTEMPATH\Common.php(1184): CodeIgniter\View\View->render('group/index', [], true)
 3 APPPATH\Controllers\Groups.php(20): view('group/index')
 4 SYSTEMPATH\CodeIgniter.php(934): App\Controllers\Groups->index()
 5 SYSTEMPATH\CodeIgniter.php(499): CodeIgniter\CodeIgniter->runController(Object(App\Controllers\Groups))
 6 SYSTEMPATH\CodeIgniter.php(368): CodeIgniter\CodeIgniter->handleRequest(null, Object(Config\Cache), false)
 7 FCPATH\index.php(67): CodeIgniter\CodeIgniter->run()
 8 SYSTEMPATH\Commands\Server\rewrite.php(47): require_once('FCPATH\\index.php')
CRITICAL - 2023-03-14 14:47:01 --> syntax error, unexpected '?>'
in APPPATH\Views\group\index.php on line 82.
 1 SYSTEMPATH\View\View.php(216): CodeIgniter\View\View->CodeIgniter\View\{closure}()
 2 SYSTEMPATH\Common.php(1184): CodeIgniter\View\View->render('group/index', [], true)
 3 APPPATH\Controllers\Groups.php(20): view('group/index')
 4 SYSTEMPATH\CodeIgniter.php(934): App\Controllers\Groups->index()
 5 SYSTEMPATH\CodeIgniter.php(499): CodeIgniter\CodeIgniter->runController(Object(App\Controllers\Groups))
 6 SYSTEMPATH\CodeIgniter.php(368): CodeIgniter\CodeIgniter->handleRequest(null, Object(Config\Cache), false)
 7 FCPATH\index.php(67): CodeIgniter\CodeIgniter->run()
 8 SYSTEMPATH\Commands\Server\rewrite.php(47): require_once('FCPATH\\index.php')
CRITICAL - 2023-03-14 14:47:53 --> syntax error, unexpected '?>'
in APPPATH\Views\group\index.php on line 82.
 1 SYSTEMPATH\View\View.php(216): CodeIgniter\View\View->CodeIgniter\View\{closure}()
 2 SYSTEMPATH\Common.php(1184): CodeIgniter\View\View->render('group/index', [], true)
 3 APPPATH\Controllers\Groups.php(20): view('group/index')
 4 SYSTEMPATH\CodeIgniter.php(934): App\Controllers\Groups->index()
 5 SYSTEMPATH\CodeIgniter.php(499): CodeIgniter\CodeIgniter->runController(Object(App\Controllers\Groups))
 6 SYSTEMPATH\CodeIgniter.php(368): CodeIgniter\CodeIgniter->handleRequest(null, Object(Config\Cache), false)
 7 FCPATH\index.php(67): CodeIgniter\CodeIgniter->run()
 8 SYSTEMPATH\Commands\Server\rewrite.php(47): require_once('FCPATH\\index.php')
CRITICAL - 2023-03-14 14:47:53 --> syntax error, unexpected '?>'
in APPPATH\Views\group\index.php on line 82.
 1 SYSTEMPATH\View\View.php(216): CodeIgniter\View\View->CodeIgniter\View\{closure}()
 2 SYSTEMPATH\Common.php(1184): CodeIgniter\View\View->render('group/index', [], true)
 3 APPPATH\Controllers\Groups.php(20): view('group/index')
 4 SYSTEMPATH\CodeIgniter.php(934): App\Controllers\Groups->index()
 5 SYSTEMPATH\CodeIgniter.php(499): CodeIgniter\CodeIgniter->runController(Object(App\Controllers\Groups))
 6 SYSTEMPATH\CodeIgniter.php(368): CodeIgniter\CodeIgniter->handleRequest(null, Object(Config\Cache), false)
 7 FCPATH\index.php(67): CodeIgniter\CodeIgniter->run()
 8 SYSTEMPATH\Commands\Server\rewrite.php(47): require_once('FCPATH\\index.php')
CRITICAL - 2023-03-14 16:22:00 --> Class 'App\Controllers\M_Group' not found
in APPPATH\Controllers\Groups.php on line 12.
 1 SYSTEMPATH\CodeIgniter.php(906): App\Controllers\Groups->__construct()
 2 SYSTEMPATH\CodeIgniter.php(490): CodeIgniter\CodeIgniter->createController()
 3 SYSTEMPATH\CodeIgniter.php(368): CodeIgniter\CodeIgniter->handleRequest(null, Object(Config\Cache), false)
 4 FCPATH\index.php(67): CodeIgniter\CodeIgniter->run()
 5 SYSTEMPATH\Commands\Server\rewrite.php(47): require_once('FCPATH\\index.php')
CRITICAL - 2023-03-14 16:22:46 --> Class 'App\Controllers\M_Group' not found
in APPPATH\Controllers\Groups.php on line 13.
 1 SYSTEMPATH\CodeIgniter.php(906): App\Controllers\Groups->__construct()
 2 SYSTEMPATH\CodeIgniter.php(490): CodeIgniter\CodeIgniter->createController()
 3 SYSTEMPATH\CodeIgniter.php(368): CodeIgniter\CodeIgniter->handleRequest(null, Object(Config\Cache), false)
 4 FCPATH\index.php(67): CodeIgniter\CodeIgniter->run()
 5 SYSTEMPATH\Commands\Server\rewrite.php(47): require_once('FCPATH\\index.php')
CRITICAL - 2023-03-14 16:22:47 --> Class 'App\Controllers\M_Group' not found
in APPPATH\Controllers\Groups.php on line 13.
 1 SYSTEMPATH\CodeIgniter.php(906): App\Controllers\Groups->__construct()
 2 SYSTEMPATH\CodeIgniter.php(490): CodeIgniter\CodeIgniter->createController()
 3 SYSTEMPATH\CodeIgniter.php(368): CodeIgniter\CodeIgniter->handleRequest(null, Object(Config\Cache), false)
 4 FCPATH\index.php(67): CodeIgniter\CodeIgniter->run()
 5 SYSTEMPATH\Commands\Server\rewrite.php(47): require_once('FCPATH\\index.php')
